0%7CN1rzGW6B3BXCjMw6jCYQBW9AxqClIc3P7yYb50x5fHGvvOTaWGfaMWXsGifFLnC1
0%7C9LsY3knfNBVun8g%2B6pLxDdG7wWGmO0JbMw9lg0krJv%2FqdBCCFINRPm3QG2lliC%2B6
0%7CVF%2FnaFqSjPw2G%2FBt1o05pZlfXOQ5KfxIbFqRVeT9ooEfyhiZjwWHl748FzyeiDqm
0%7CkwT8cByp5He2%2Fd%2FZ88eUCBOt0dwrb94sWg4rwOyZqabjdG8xu60bqBUW9H0PFus8
0%7ChhiZs8QsKv%2Bas9WtFmbQR7qDY%2BoD0CQC%2Bb4wsNYNTrt1BjSu70SwxcBZ9J8vv%2FBR
0%7CldoVr8%2F6kAszgfXSOfh6Zu8cWctrkYJnTNZAaWC0gWw8mpJC7lSMVBCo%2BIEyX7sG
0%7CBbnpmx9PcMSI2cDwEybowXotB%2FTr0nroavHhKTU%2FlE233XwiIPBDRgjWAAMEtwqI
0%7CX3CXc9hiFBPOgRsrOC%2B%2BiOTOLL6o8dKFyPDwoAvY5PryNBiUxfuFNfpVqF2AZukA
0%7Cwi9WHYK8ov5KuR9VlLfo0Z5PXA7BDTyKefmcQtlY7iHSffPiZT3Fdv4dHKmFrXAE
0%7CjZKt5euKYgDfJxMUzFZEi2q52ZeQLKQanXTZgbBZF9oU8CpO%2FVE%2FIDVJf%2F0DLURc
0%7C6CGz64WbvbuAPt7SDrvxlrP6Alvb53xgy2m7fNIb0jCQTKR2EuhXKCXtLQLPQTOQ
0%7ChVzsMfaKdy3xZP%2FBtDajdVRSB2wzN%2BqtclYOXjYs2%2BVSyRunQwMfwaDdYtix%2F%2B1X
0%7CiVwgckZi6anTqMUm%2BN4MEw0mlTj7%2Bo44QtvLFmxCTnlUby6B7UdbWO4xfm1kZ%2FBg
0%7CndkCoyNcqufKjw6t0NutFw8siu6PkXKlQxivQElQikd7FP6jzp67zP6phqXGzalt
0%7CFaQS01nIxA5FkJVrzgAHlsfLs2XyMQgfWjaDNDOD2hB0IX%2FjNCPDZMS%2B%2BJXc9rRR
0%7CRYyuNVJmaufIJm3auPzJIdU8GaQRkVxPejMPtBdUY83onRV62TMketW0iZrSNxKa
0%7CB%2BU6Xa6RxHAnOkxTwKiaOfRYH0G1hTgPjbsZ%2BKxnzfnSMPFW4AqdLzS4%2FmwtcOVM
0%7CK%2By9o72qok4G5x%2FELGxP5uvRQkUC8Ab9VGqRYBqBmoowT%2FFCcg4ruepzAoYXoGBV
0%7CaDX3Mq6kf%2F3BXQ%2B%2BvAsKWhYqrNVK7hszFY8bhlFXEVmyuxdZpZuL5bK3PtBEY6od
0%7CgT2XRPppCbTMQTQuaApJdldd5n2%2F79FKM7eGRdiA5P%2FpZVb%2FLF9ZQXvch6MiV91z
0%7Ci6nBhYhXovmCJaDnknpNdXcaVbk4eN0oaTN%2BNCQoSad4pvGY%2FU3bQ%2BPt604r9QY9
0%7CSp0nZfcUkS24PiogrVpBF0nkqW9GxFTKJ3qGWu6so4a9%2F%2BYwhvNAo3hw%2BZRmVCC6
0%7CDcjlVPaArvEpZy9uG5pOuOATdS1a%2FUj270S1eqZ%2Fdoiw0ttq704hv%2BrymSLht8kb
0%7CSPzUO%2F7hvdBXfg34barvLrK86caHGFHC4Cm6a3XGl4aW29zXocf2GDMEkKVeQBJF
0%7CpjRT4usWeGbcHm9oD3v257QdlsMT0lJxheh88ZSjNswrcL%2FSKbmW1ymK9p1B723%2F
0%7CRWN%2F%2BwAKDn%2FbGU8LpuFFKdqza2riWAmpNgZnHcFOAffADrxzh41LtlFpN4AOeMbh
0%7CSgK0GeLXMsHNi3OZC6iovkvARPPOF%2BhUn1IyVFk7NQpikdbEVm%2BoKGU5sC%2BcOXHf
0%7CGJQo3QB8BazZHCV%2Bxp4GtZw4MCP6DFEqNA7tF4FzFIhGpl2gx6HC%2Blz9qnLgityP
0%7CpXtZFnDqj%2FdU5P7EgK67XPJ0h3Ie42Zqg6wYHi6DnXeP2Xid8bRGlzR3FLtxKoAU
0%7Cx0weYhhnMJDS%2B8%2BlHU6CHP79X%2B%2FgW2WBxi9pS3nl5E0LEGKDDVnWNC39nXBS9d2O
0%7CY60c48YWkFzzEasM%2BRzh5UpUR1sHL%2Bay%2FL%2F028Pp8XnCatc3mGH%2F%2B2CqvKhrm1vS
0%7CiJshPqgtnpcLd1ouU2QhAenWVBWRr4fbTyLzeBvZTS0%2B6JxYAi3BaGs875xD6Sto
0%7CTGAujl%2F1QX14dir4utAbGUO%2FBz0n2ek1XNFbhzqnROHlQkeaLhSGFmvfxeVsmRdx
0%7C%2BQKrfJDAIwD9PFvyQqa4tq5L7BjgqqdS6i8RFMeByi87j1E9nAVSmLPVDu94N7MT
0%7COpSqkCK%2BGON8W6FsCbJTeHm7d%2F5vN58f1vJog6wi0tnFIfVJJXcF5BKYISHM8hNk
0%7Cy9Yh%2F0fteDhLbEmxXi3fWrblmjR0saJ0OUSVyRie87ltGIigMCsvi3vMMcLuSlLO
0%7C6JwBW%2FMPTPQLQu9%2ByPyo2aYzDWA6hR56HSoKyFwy7uvVdVg0sRq7BxNfZIb56C%2Fw
0%7C48O5d9XhkBnUdtpGGWDMnwhWynIS50p4o4u9fgEH1EciARq9lZ%2BYBLZi3s9B1cnB
0%7CqJeuJhL7qUhJDXzhNpFUS%2BPpA9rK%2Bn4XYh7OCwUYNvy2M%2FLrCvgVtpj346IOnYYR
0%7C24GR4qMkMKdn50UPxHJQf%2BxUnBpUEwQoeFE9DTRkBrKDgOF%2Bh4OWejMkY4ukyMc%2B
0%7CWwXCpgzTt2bjFRd0tZcwbk0ZyDKPwv7sc0paXaqGcPDN7cDRg6aioJlcPa4PwT1D
0%7CmFiuBPNVxMReU0Gl6GpHdzu3XeJejSFCSYyQveor5HfRhij3qRfrCcV93BsePKYA
0%7CAgJ2HFHIAIGY6hDQIwCEVYwrGdcmI4XeapTGNghL62RvqWai45MMiKPBKrxy7hku
0%7CmMnxenzw9APBu3785MZ3yqG%2BAmReioNgVFIWuvF%2B4QUdDcGxDGcdN3M92c5ghlhE
0%7CmgJBaYD6PTwb4h3Gx%2FZvhg0B%2BDQTBzKO4O6n11W66gQgXKnHxqgpGumCDbjs8%2B1f
0%7Ce%2F9WneGrkfiUdOog8JOop3Q232l0eLJ1QzTMbuVIszdogRThZJQM2P%2FdP%2BZ8QEy1
0%7CrUmysHBaB%2FKksVol5PGgKrprgdh2GHk%2B%2B6gWCLYBpPTGBxrrhnMKl318oKVaZrSS
0%7Cqjnlq3DcTAHjYEy6G8S%2F%2FgTecn%2Fa4aAb6Cp7Oi4EEuvoxv0qkPIgeqZjZbqVu1QJ
0%7CLJp6r1m9bHwEWoOxovlj7wovoHHaK4C0bULjeh8Qf1mblsvoA67RN4pfDEcQc9i2
0%7CUkfbWlpXSR1rVIscyfdpUf2xZOCnwB90RCLvos3685SgaKCtveksdfGSbJGjNwDr
0%7CorknEuWvlvsZaVFQB0Die57LKMhogWifqjEHKwR1hbgLoSB2gch9PQxEMOuB0szT
0%7C%2FvQTMfWj3etGf6gVOegvT9oictELyT75QcnOla2smdFUflNewe3jfPeQpzOQq0bw
0%7CTlRf%2BwLRtmOGo04ZoQ1RggTY6wvFKCHE6c5G3TSUqhymbTCVJcN99DN12iIlJ6kI
0%7CDGHbDVZ74ZzUgJmiJcdsShh%2BJxbt5sJypOOjxAtcAZHSn719MoyN9GxiuF5NLQ3H
0%7C28rQbVXU0DGjACj3cOBDDMpZSjeKl8h5PZtZ1Dur9fK8TojWkV47%2BosRzpgPFzxA
0%7CV0ZSxSnz9nfPM0BWSFz74nSBRCaj6w7PH5cTItELHIpUHPYtE08wTb4QwCGl8t01
0%7CtDuoQ2Ra0hgS4rcpcI4IJbD5GV%2BwtWOZhCU5ClurId5Sfv18Gi1JsCQGqhxMy96e
0%7CATHStAAPBbjJ%2BnuKe1WIWZHK%2BIJTbwM5AgOj1m4lC4%2BhVihzzYb4qjxWWHa6eL0j
0%7CMkFNb0xdKLj4%2Fd7%2BNTm2C1D7az27m%2Fxu2K4ttmPc8ObCY2EKhNpZwZ0d1aFWpesS
0%7Ct4bI00gqufflaaIloNY%2FgTXnyQyuLumHIqyf0agKbdZkt1tNIdXRls5RtGefJxSf
0%7CJqlIdIgv8HvkHAnec%2BmzFwVQxZ6gAt1H62bVRY5Exmk3trJLHHdJ8FHtvd5ArZxi
0%7Co657lcwnXrtBiwsw7%2F%2FBoCqT9ggnf%2Fp%2FWtljxEslg6zl%2BNG4SxuERdnRhLhhmDnM
0%7CyqctR2aV5OUN%2BM72lAh4XMu0Jph93QWi6nXBvDeqfa%2FGX4zR8dApCc1TYIgV%2BQNM
0%7CkPN1tn5BV1HjqKWcSTD4whSFriXiadED8nhPxZVkjfZ5va5HrJDMeRG2MlERinXl
0%7CDxEW07p7rUNBWU7Pk%2FbQ%2F7%2BaKOGK%2Fst3o63IVH1Rb0kUy2ozjUVrv1zprxg5e1yN
0%7CILaHDm%2BssQWNVb8TGbT0wncAncx3Pit%2F7LVPuXdgemeABkLAZRCnEp3DhGNny7PB
0%7CWVIfHUs40yi67yh9Z9gQ4WLAGUd6HMk7tiM8VN4r0qrVQZm8NHUm5vDhzwFGkr9H
0%7C8LKwmBVA%2Fi8%2BnUdvXi4N0Sthlv6fM9w%2BYe0EFOwLXUPO1Jpp6wUkNQjNcZ41%2FU56
0%7CaF0pxZao2TRKvDiUn%2B39pC2bYM6EC4j4bAUTDZoFRKLxmo6jzvv0s4lPstjqDFPP
0%7CEF%2FyuJHoSgUAxwt61sOrfOCWmUqOIHIUYcJx104MzcsaIauHeb0F6%2FMLr43d4CGf
0%7CvXOKgqQ0msLGMyeM2fw%2BUc%2B%2FONCggx5j%2Fe6RjJzB7ohGqRucn1tchuzHj4Xu2Hw2
0%7CBiveG24dmeWyWq7a%2Ft5yHDyVJA10PutquWmh5QIF%2FFcr2OpvLpFBCv9J%2FAyk2Nqm
0%7CYUtyIA2Jr3GzVTeFKKmduzrju0P1LE47kTXdmFYC9Ga23cxrQDgBqTueXvjBVgBH
0%7CVS0zwaa80rMqEN0PviE7UHXTq8SdExUcuXa3xrgEuwkY2L09Wt5nqQ7lzJwx9yyV
0%7CQjDf8homDtXNJdKALRptysiBIXCadcDOzdaY%2BWpUFHIIC1SELHiXcbjHKRWsFpEC
0%7Ca1jxW9n12NKvBUlvvAG1Q20bkJpKCFthy5JrR4K6g3FzzTPW8BGDNCA6FyHnq%2FtY
0%7CjEgRY5turINFUaCdd2uZzpnZSYYSdnaFNN9tqvf%2B3Pkkr8wtESSSOCqNZlHeUFv6
0%7CDDzz7LuAzctBBQACPj4yPdxANodXDzzzb4wAqSqZG6Bk3kQAUF0N675ns97LvzOY
0%7C5S1McRWGgRf%2F0qFfiLD%2F2QYh%2FJWHsLrYGyLawHaaeulrdejGkoY1lSmNJjv6u6AO
0%7Caxh7vxxPaQKKLXBn89NzsuU44U6Fa%2B1syUhnDpVfzekiIJ9LQqKI%2BaHDCfwW5Oj3
0%7CmBmREtSEOQ7zHaL8c6JvKfl9Vcx7YrF%2FHNwr4ynjFxpBFbZcWu8CqVaP48LwsyrD
0%7Cre5OoV3ZDL2w5NA0gJBV%2FZPiOsHSyZOz3JFJ%2FkKjEbz6M3QaTHi2ahfk21xy%2BtUf
0%7CaFnvAsAr0WlCd515p2Jhy9cFU0ZkIFrZFr9OyQ9xBqHpfA9F0EedvSlvxClNELF0
0%7CWw%2BRLeV3pcrQySjcu2I%2BjOOhRsL2m%2FKHUbpyfrxUn2551emw98yO6K0idHFtJZsz
0%7CO5R7vE95RAsHJNnHHdWD4WQiMMttC1rWOo0OAFw2hm9yIAr6UmtwUYCto66uLLig
0%7CywN7Hnl9fF%2BZ%2BOpfpfSYLRXyOayR7rO8c3gr41SxQQXQMogiotIIAAaCJtBUHc8B
0%7CJ3spxaLVoa2Q05xkwN5b2wCBEZ2zmkvs06%2Bly88og6X%2Fqi6w9gjzWL3mvOc0f3PQ
0%7CojPtwctxnqvFbfR80bcAXs%2F6sYDc8Mc99xSILCPj85Qef72E7MI311Z4Tufs5yhe
0%7C6xejHy6KwknLTKshrG8vxfFi4IAuRBwH6phte5%2Fe5ULqgP%2BJKvYTqoMCG8qqCVa1
0%7CvBL6UcAJGQF00pPr6ARKQ1J2OT0ToIXfk4On4U29PtDfbISmBq4gDNiI2tY08SYS
0%7C%2BbPLG16sviNI4tKTWjh%2FaEfP%2BPTaTIraYT5iAiZah5ekkXlE2HyHfHwdyPcd48z2
0%7C7pNkMBbAMXnMvC2S6%2FvB%2F%2FldCJ3dzX4oSvC0wCiI8CCfYqbaZ1jMaVCo6XjgxADi
0%7CFUtT2R8ICEsOhQOtYGdeSX09X%2BKzs2jv9qywhw%2Bk%2FKlNXKb2S02W1lCeGjMegBHv
0%7COvdQAFfsWXWpdqHXeW6q0vsWJETUXrLwqFXEyHRSj0nd2L5%2B289PxfkXNnYY9FGi
0%7CiZTZ%2F8G1X2ukkmzgxLb20WtP4UZFxsS7pUA6M7Sgms2R9xad6uH2sPwIYD4Ds1Ft
0%7CbZot1Xb9CmBfFVzDUOPfjluuLMEWH8IG9jEDHHCpVbrvC%2BqSP0q54whPbfWt2LGI
0%7CxUNjeKOj9traGDA8v3SZyrd7RKm8J%2BLuOzSgCnQX6mZ9V3lGyqJCN94qVU3VMTxt
0%7CXZ9BbJOzh486knhNedJoLgF1l8ILSxnrKMDGQ7R1x1rDtG0s5y7ZnfDoXpGJIiha
0%7CxUNjeKOj9traGDA8v3SZyrd7RKm8J%2BLuOzSgCnQX6mZ9V3lGyqJCN94qVU3VMTxt
0%7CtJ8qov%2BGKZqNFILg97DSsgJESM%2FWu6MsgzRzkArcNg0WjLKL%2B%2BvxuZ7xuP59UL8%2B
0%7CPlpfbqLixqHO38q%2BMPswUcufxKNCyf%2Fmfdmp3MpXqCbuwLprCgrZvQc%2BJcG1%2FfI4
0%7CwUYz6B2Rt40qLWoqc5TADZdZzqHCDuyG%2BNiExx6yptkH9%2BxCz90lsdYtBwcxPQZ%2B
0%7CVYQKJtR1TGH%2BFs91y2NR23pjS3jGxnin9SQfZCYnO7GSGWmRhyqkv4O3uT7xLLME
0%7CyojRQlTEulaz7yd6YHA%2Bp87ojRCHLYMVmH1iyubPD7mLxMRhnK%2BHHovPlMoMiz3Z
0%7COoLx8UjUluVItDDOgtDFj9Hw8Mb3aGz4MhBsDG8UU3zy7Kk0du6YdDBozKBHhrpk
0%7CpWez%2F62vMsAPSShmRDfDvsLe8RtWt3WFb%2F6SFx%2FqxgG6jMfI8xdgI5PgoASizDHx
0%7CbmiHRXS4V0jmQKcGQHXwS6DWtF0V6XIFV09pcISkfVS048DFtLxeCm6csiAym0T2
0%7Cj1It2aPuHKUynzO5uRHXTWA8YHGccwzKIN6XVMXABtSWrpotmRkzLdzXaycc16FT
0%7Ceysx4Fv8HxI32BrAGvUA%2BS9Oi%2F14V9Ep9fjCzcv8Mp5VL5ELg8yiVvLsUy%2BUJrwA
0%7CTD3T%2FN4CQMobYI4I5aajmByJpNEqetn%2Ba4OOaq5JbmRfOAT4L%2BmwushL1a4dLb8T
0%7CMBuUers6eHJGsx1mwiDkDalW3MB5RXkcIu1zRvlmciAxmdhcpAbOoBHhYcbdEO1%2F
0%7CHnYvA2OGu7cz8OCQT3YoQnC6FUO9r4WWpUg5OM5aUGO%2F%2BMGpcnhnXUfFpz3KKxNU
0%7Cg8pmwgUyySmprRd3bRr67WjXRQ62%2FH7zyeRXKQ%2BN6sYt%2Fbfhh9rmli%2FADD29qXsq
0%7Cb0krgOpWMjh5qAY99be%2BLP14pDU0fMkA2%2F1u02qMkYVv3m0P%2Fwfii0o2y2CYhKri
0%7Ci%2FHdsDhXFxLKuYVMMZa3amSFEDcwrXc36syqI9jUjC4DaVD7wMDf3h%2FiPMY0hWJH
0%7C1%2BBcdNcin0r%2BLDkg%2BiYg3Oc1nfYyZ3Vth6NjAqB7NIQ0ud35DcpR%2BqG1PNYNyF4a
0%7CApIE34IeaxG3wH5gOlYdNmPLHOO75PDyDJacdtn3HA05T%2FaT%2BP8iHX6fMPq%2FR8Eh
0%7CUNOiylrScWRJibjKstt3NHqDJKGlFCwhkr%2B2y5IC%2FyO4Za7MjoxsoXrUFThLF6%2Fo
0%7CNgkCQYoFYuxgDLnLBjR1BCOUbFmq1jQ7u9WZ6wkrVfSDTEEEo7tpYpojG7J82%2Fm7
0%7CMhyxj0y%2FPnZNE8VDnCwkvk52RfnGtnhgzF2Mma5hf2RqAyPmWomKe22dD%2BrLIKqx
0%7CG1GiUWdweotJPUXIdyiPs%2BSVOLHJx3IVygVGeq5S0lyUOiahQXMr8l7eQ2QfaN5W
0%7Co6bu1ke40tavtGLHuNwnKxYrwoHsje4VoqIG9P1FCGsHrQnNa1DcwIw8w0HK8Wdh
0%7Cm%2Fhd8H9qdnEbsY3CN%2FAo1NP5zlh3bGCJ7uC0Nf%2FJ%2FXkzNESIFMgLfPnHm88Pz4CF
0%7CIjpPuKSoZQN0%2FWVadLGscKkgdQfuthGd2cMOIZLCKpEfjJ3R5KbUjCWTQqc4nNal
0%7CHAL%2FXBORJV48%2BP1qLTtYRCXKXviT7UYboS1E8q%2B0T5v%2BaSsYIo9Qm67gzGw03AOL
0%7C%2BuabyKxNopv2V6LZGhounPmx4VN%2BDhL54jJCH9GQnkL1M%2BjKNfc7BfUsPPcQFLoM
0%7CkcEeL8a79Kbg67Zvdt%2FrtWM7FadVG10sxL2%2FG18S6ydDDmWYlf5Y6vcIykdy%2BgZx
0%7Cd3%2FD6rq%2BK8sOpRHjCFMwSt1P37YV3ONVIHzniXD1zf9ldlEsbvqGOsWOEasYCpsP
0%7CaRVtxc35Adqyv1j1ILCGFSt0UywvNwoS11w8nBHQVDAU%2FBdAVO4VEJXd4XbH1iBv
0%7CmYxjWnb%2BMJkZbNbI7QUfJxK7k0dYPorm8jd%2BtIlo60AJMmTuEYb%2Bzk1pO3hBrqML
0%7CTF9hveFlyspwrtIqKjxiMLOgznypeo5siCDix9ROf0fgkzWAebP%2BUp6KSCum7xU2
0%7C88gkCpkoUapLKY9QKt2QBZVghQjA%2BScBRbSOrc6bo7Wp7v7aq4oBsvHUJ43Ktgib
0%7ClCI%2FZbZBsm3EIe2OiUFzfJ9YIdnl6gc0MDejk3nbzi8r%2Ff2REZIHtghrwNZSpM9I
0%7COilRVjQnulYbBFUey57uIBGZxVdnk42QKCB0MksyJ%2F395E97xhQjgldjeXiwB%2BVS
0%7CKzaLdGRUvn5WDC%2Birhjy51gxZb6gI5Hf1rR0YRo%2Fn34ynU6X5S%2FyET%2FKOdfP%2B9bP
0%7C1kVQPgKQSND%2BLU3vPqPympTaCCNY680Ok9I4f11ZgyA81Vke0QDyp6H6K1%2FkPzrc
0%7CQWr61TFU8VjgGX%2BHRqGg2IUovrYoGK7baWSxiDebizS%2FbmIn7AIw5AjOSOggdhJR
0%7CZMWt%2BJ0%2F3uUCEzqqlfAL%2FjLYUliwPd5XMhq6mOPifXyqnSingG3YL%2BelhWfUEkNE
0%7Cnky2QHhzMWwxzN3c5CefVzy7Q8Uhpqb%2FhRyvEJLbjaak2uh%2FjoTdhpkvC8VDUTI3
0%7CS0f2%2Bij%2B%2B57j1vALdgjFi7PF2zXbs2s%2BblQSrvAo9hhmUkRLXoaIxcuE0DvQ9JrI
0%7C65SdjRQ%2FK4sevEW6BJ8erxAdVn0tSctxwtBhOZyXFJygmuNIK9J5GI9m9Mu%2BpQev
0%7CrjOk7YMN43bJG46KFb1n6rhHvc4RWWReyPM0hLO4veBe2Qwz5Hhg2QfpacecLCsu
0%7CdgXnajvh5f%2F0RY14fQFqOJvPHHqVx27oJwsxcTrBJ0QEgpU%2BB21aH%2FOGgpOCq7Oy
0%7Cv3Z3MdPvYMW5NwDY1DrYhsbKMurzZrFkqldr3SweJJDAWj6vcbl5abx9ugwM%2FhaX
0%7CvqW4oANd76EUQR9L3N6nB7VnCoquzhT7FkGG%2Flrkd1xaO8EIEEfCUOTNXkKcUQkm
0%7CYD8uS4xO2p01PcUcItbnxENXj6Sd1TwUrTtkwSTyZScYIghB%2FmUwKwS%2F9anVFkzJ
0%7CQoFmdxn5m%2F%2FDYPwAUDa4Dc6AkH2UL2XGGjnT1Hv4%2B3G0JeGcxeMH%2Fh7xFdQhmd3I
0%7C3ciB5Ib4wjQ31BaM5mrIDHsQch9wM2Q1O1pgUg3DQtz7F%2FN%2F0bKlUtDS83W6uXri
0%7CuOKmEp4qL1t8PHhe7sPSiNvfvKeyPgm79AHMb3aRDiqRGw1MBoAc7nPSRtU%2Fw8Lk
0%7CGnLCcYB1m1gWMnfGVKeNvqupc7%2BrmMYWHpysCEhvaX5KpRiTfnLTk2Ds081P6HQx
0%7C7U6Bb4SWymsEC7galvpg2Bze5hIHpnS4CUANSEUE4YKqhBAG7atfyvpjfqXAxasx
0%7CcvsIAPge1D9%2B4AUWwEw71X6KzgJeb3IU25NpQ%2BMaRISBZjUq0HxwaV6ZVrTEmMUm
0%7CYY5uFmUCFNDJpAehs2qt5V%2BgdTtAHN573lnycQ9xGy8IbLVPdFsqazOSJ1oQcyvd
0%7C%2BKfLv8LeHJ8meb9PoJBbfNemPwcIZUiLfNztpCzHd0dasrZ9sFxPsuEgKdkbBsUP
0%7C%2BucN7LRy%2BLfQ6Rsr84mnxi7DHt45FMYbyOP5ndjysruWsmK9IJi%2F1JGG55Nx93SU
0%7CqOglPWySehcEVdyZKDxp1h5wi%2FF7KYhxCgvS2KCbXUXjKhg1NLcTiJlLl5C%2Bkxze
0%7CdT%2BnfYuufd8waJjp%2BO74BlJsCD69llltCldT6VgsqcKIpVWF670S5I0PLo16Z7LP
0%7CWXjMcVkyweD2sImFDBoVcmL2tV9TNdnK6kcc938lKmVd3SIaEE2HxofOw460kM4P
0%7Ceyw0kYjEeUgHYkaZAco9D2iQQihIpCG2xSIFi4zqaPJmmZeiEaxipJZYEdkmR8Kw
0%7CAMNWXz3xD97b%2BWSt2OMbGzwDtX2beqwzGZ93T07FEChyjtCfLOiI9zYZdQefe1Zz
0%7ClzZeflJA9uPYlVHZxWqpJjJ0RHf1YCQpKEQ%2BlmbVvQYsXOud1IKKHwhTawDjRlcd
0%7CZFbiJNFs6TDNy2teOvcOsdT%2FAJIdwP%2Fpil4XdUjVc%2FC%2FRTp5n6KXC3YeCc0Got7M
0%7CF0%2F9cyQmK%2BGKvzkHybfdVmctkmmgI%2Bl%2FBDUdpEvgLPCNxdbCVbLBAKcoEbyDz21G
0%7COFd%2FnIleQj%2FDiQ7KYF1H2N8ca%2BNxt%2BFBw2K3O0jzMuq9hZF6CS%2FGO3imJu%2BuYd7v
0%7CHSUWULkV%2BGliN5tqVPwPdbWnQJt%2FFNcjb9kTC3dL9Lx32%2FoqdEknmcTJrzY%2BL%2FTu
0%7Csi3qW5F%2FICuWGPoZwEIPnGuLWFiN6ycDXwcYgw7ndrLuiNSSg16EewF87mrge%2BmW
0%7CbXZRYH%2FaZ2P0ElUTaSncx2ncZlWPUQDj59bI57I5sclyuG8d7cw0dY0p3zlBh9CU
0%7CLX1qdywNqqOMfLwGKZ3lMmkoADxnU%2FCt%2FZdTnZyEsmk9o%2Fg3YI1AHuFYKpKVoz6o
0%7C1OPNbUBRfhMKPRFNBu26NUuoFBcjFan08l4QmXl5Kv1L0UG9AszLbv6qOB0Pux2R
0%7CPOjb9th46cvrugq%2BO4Fhi9eklTsyLph9072E2UIHyDFr4RXNbjicJIJF6O5KDJ4b
0%7ClWTcufAO0smKyTJLHOfUFdHMt%2FR7SNS7G7ACtPXL2PHaCGgIrHjAnnHxJPdOptgV
0%7C4vxNLA7ne0Bn06cGYjNpXz8DtG0IlPbxZFO9DzYl3O7mYo874ICAG41lzqq3scIm
0%7CdRZ1QB297o2fIPz2EvZ6uI5fR%2FgVd1ydS7vxll9gMq0j79rF8iT4Q73adkFvqZPK
0%7CM5cZLYC9ssgsYPpkKAxMMDO81H0UEtPTtjBfbU5h%2FhTeOVQ0AtBv%2FUXbPtLiDETp
0%7CxKp%2FYSuxyXNFm%2BerbXJ2NJcQryuMoFxf0I43XAOQb1hBGdXWjjGnnJwCNRA%2FX5Om
0%7CiTTDFOQw%2B%2BMEPwWi6Jf2v3iYYuNV0gGrCA6WsxDIzBwByIPaJFwK%2BzOD9cbzJx4B
0%7C2Nr4PGjWJiByAbC3FFO4j7D%2F384lsUZiH8Ulczfd0BSB2kQAaxZpoMvEeKNak42%2B
0%7CpBamhsiapj6L1XmOdFKjsAhefiYJ1T5qhyHlb0VUGX0eR%2BPj96D9mqZ9fEEW0E53
0%7CUSb5GCMO%2BKcmEAceMSKxUELCrQB%2Fij%2BRpZ4%2FiQVf3BRJRWF0rtgPVHMZz%2BMBH2CX
0%7CP3CjYImCajkJ5E4ZFLKdRVleAhunS%2FYM3rIxCk%2B4%2FQrYJAczerXaRClmNxEphOOp
0%7C2QwuTGCRPnnHipIhLKwQQgyArhpyEWLYWWXhtBtrghC8Ayxu%2FLK5ROFt77qZgxug
0%7CnMIOtch%2FfwcgZmGJdLqLQSM3sPNwTiKjsjPFLAOzKhNX9n9vZ9azGvyYrzfz1DIF
0%7CKYo%2BvXonosUfzPqqotPq%2FidU%2BTqYOTdqx3wpf%2FEPt5MdDSqYAt2truS1cocnzRRb
0%7C7JDYEnfFLpernhP6AQpuS6q7HLbddSEBFUXUd6BDh3HXExJiLLFUcLYWMHO8utjg
0%7CntiRtmKly2zXysAmzqOSHA%2BoSL8qZ8jH12MP18P3K2KHNCIo%2FFT6%2FDQIlCYvM7OV
0%7CdMDiJD%2FbmjQriM4yPnK24G0Mw4uWWL76ODPgzD6QC6cIXI6upUk6jCBuCEB235OK
0%7Cmw3QUfH4fJtyDhzQpDCFR5F85vFyIfZrxBkRQsShr5VWtG515%2F387kaLPIiKvTCC
0%7CV96OvAccgZMjwCXgb68FzL8pNeFVV8%2BZzOo2c%2Bl8utSe0imiTN0K%2B%2B5zsWVI8chT
0%7CytSzto2Xag%2BRArt7%2FQhiCrp8zIbsc7NBKCc%2FgxzDClyCFbyyJSBGw1%2BEWiPzpNLB
0%7CytSzto2Xag%2BRArt7%2FQhiCrp8zIbsc7NBKCc%2FgxzDClyCFbyyJSBGw1%2BEWiPzpNLB
0%7CRWlhKP2ye%2BEOydSbSr7iR90SOsDcPsyyZQ2tKqhKAiVOCiQCrgbOGUTdKhG6mjbs
0%7CxAmPlbMqqio7td05DCpgb6Z2oYg%2Flpo7NY39htR%2FVl6vUsvd7yqjP%2BM6qZKpY7xn
0%7C997CsmN8zt0hIPp3SoV%2BJayx%2FZO3136Ii%2BdQMMIRsRWJKPvkVEvaNgKVX%2BRTxb3u
0%7CjRdqAlaq79FgB3WtzXCQX7wKU7nVs8Yqc2N0OgRbRhwS2cBGp9OG3zJaU3HmroCH
0%7CUxOAjVtIdt8kOIOvEmdKb8x3lCRYl%2F08dz8GHxjiiTa0sfCopFcMeuQOS4Iv0MSw
0%7Ca7oNmFux161LFrINK8QGcumWtEpt2D1DiRll1h8jej5GSmUjWZ4Zpca1tVr3oBSf
0%7CMxtgaJm6u9011YtXoFV9M3bVivwgMLPDrXwGi1S1uuTsy5e8posdrClWjoXETY%2Fw
0%7C%2F5kPld7sedVwz5Ce%2FLb3YgrcSNNXOmrB9DTiVRspJoPYAhDGf0CvjPDpqRVpm7Ay
0%7CnKnPxI%2B4lUhhwXoNlKbvUCZTEtr%2BdmycDOkkNHSYF0Srmvdx%2BZeoozuD68zNyLXY
0%7CQlh4Kyv8CgJTNkn8Gd%2FN4hAzuzuPp7MSbsFeNGqXRFaylpEHim0GbKErqgbx6rHj
0%7C%2FLsV%2BY%2B%2BW%2BwMe6dihyXEzwSiTHaZ1Vx64uLWPlQRCJCkjVIgXbwYZ82R3h1VTLeg
0%7C4t6qHwB491Kb8Ve2IbnQTPxwzgHXhzXTS9NCCgyJTM%2BXEFJn5pmm8pq0GCAS7mjD
0%7CmcWqg%2FxOdIiUD21XkPL%2FH38h0WLLFoJTCYfi9WisawhWOztHCHyhZkKHB%2BgONzNs
0%7CE3ulWNRPV3CSRk%2BBWNFUZZohbHUjJs7fEjeE%2F%2F%2B%2BDcsLcG5DTaLCr1PxbWpeg3tk
0%7CCDna3l6aI3qXRUTvpmAT3O03FqmRahNPbbnNPXxrXSShcFxHUK1zUT4VqxIFnYDn
0%7C3oCKhn9DByAYhx0cmVQlHQq80B8lVILh3jDk3xOO4y8IbdqZd4oB2LQgBgwuKVlE
0%7CNbkPkmVZyreEh9GKXKxcHbTxQk4MuS2LJimL%2FAgespcNuqgTpRAvPuWoK0aQqgZo
0%7C%2FOEHRqkmrFiIQUBlM%2BwjXVQx8B1H3Wf06hgcjZTBOQtxU%2FLdBmib2N3uGZcXght2
0%7Ca%2FOadIuY7Ub1h8RVxa%2B8rX972Pd38tkqD2o5PfCXVyo2a%2FNA49D%2Fl2Jqxbko%2FmJT
0%7C5Zd4G%2FZs%2B4MXfWMP5L5Ha3Rgs3Dgsdsiw7D1%2FQALWmFvgD%2BVnP6ucfWkj%2FMROhQt
0%7CN4485pV0%2FO0mavDgYLIUSdXw3fD62cEZbD2%2BGCREk5UTYJ0Bj9W%2Baz%2BsKx9ie9Mx
0%7CWlvBSdNiYaRN0vfwaYF0%2FwjY9bZ1ZoCZND3uJvmvX6M9hhCdni7QBQvz4No9UuUX
0%7CVrTClVbapUS%2BnJLIDuS6LsnQkENq%2F8iC9R83S4a1UVqxi%2FR20ievpH0d1oK2hXQJ
0%7CS%2FJU8q16AKwhC6Bu7Lk%2B3Xa6p12A4Xaxz5pTwzeoPbSEGrfqJywp8AA4ZmYzekVf
0%7CsYIzl9ZeQ01Dee8hQRGRaNUbEcuy9IoBV2WDY6cRUrlxg1e4cwuX6XlPFwjQc8BE
0%7C1s5VDGMzJiX3PSYK5m48BZmpb5ekePjzy5UUMv0e0Mk%2FHVMBvBftr9kg2vD4pLXF
0%7CZmjNV8WXk%2BWz9%2FoQN%2BzNd%2FoktUfNuwoZYq7gwA7ClSyVqMfG%2F%2FXPJc1Iv6ulF5nf
0%7Cg4FMYx9IAH8%2F9%2FJwHFMrM8VEkNWcES3q4C3Rx6EPjslxZmHybk2g9IC8a6S3Xhuu
0%7CyK5M4AYp6kt0lioqQf5WeJYGH1JouhuBOklTzOdioS0cGp9MiSrzSAhgUXnceKru
0%7CNZnrzpTFO6M20S6v%2BgMKA4vdgxkOvIEmsat6oWkkr2%2F2k9Hg2K%2B8WAxaJbzwZ%2BFe
0%7CNrlBNvV0JMsZ%2Bkj0NEwvgHrm8OsOq203CeuzVRSGgfsleqr6AeZ7C7%2BZQJyo2zZw
0%7CPt2DrvZIrQotE2DQ9BcSBcrqcfLgE%2BAabliJemi6lNC%2BaxQKDP4PSipWSa0FWpHk
0%7CmcQk7vLsBEANC31r8vBTasdO5URd9UINcJlJOqjCiqzsuCpR9SHFov1CCzSMthiC
0%7C2vRtng4tEB5prgDCgK61DOO1grlHNblBn%2BrjvEFuuEmCZIV8TwIqJVEnCkNbipuB
0%7CL48Yk8mtPpRoiZ7yUFtzIKuoD5uy5%2B3Lq%2B8dCUkwFhD%2Fw%2BOHFpR8ftgXeOCFx2Ra
0%7CncXzfkGZ%2FJqjInRIwu6tD8VsZzf9kGaoQY9hjXQvYCRHY47mNUsjn%2FJUPAiatkcS
0%7CMFtTbSNwJW7cqo%2BFhhNRJXOeFq0LXOg5nSjJwdgfQLsj9Lsipkd3lJkfP7iw738B
0%7CUetb3GpqqbAy3HfzHoalhFMug81%2FPlxTm8gY5yiRKj2PAEt97ZeWeJ%2BvI27uv%2Fkz
0%7CX%2F4RYIJNloJ22GriQhYXaDp%2B9RSWzKe7KT2cyripcRB8AFb0DwzM1pC3NGQQrIqf
0%7C11lxWna%2FmdJ32jMhL1PWX74NR6Vcc38M9dWGOFYVT5ZqXmMVEajWfc3Go4brws6a
0%7CLEK1qjje0wiVkWb4dKWjLDAAWxyJ5XVQxEBewc5xI13sZ1JMQ9ri8CXtppgQP7Pf
0%7C809AUbZL3itFEIBiKqYo69ewfFjOol5RWcC%2FyS2XqHnaDaCnoSXwuo%2B2RJXQqxRM
0%7C%2F7b2VANseoJhn%2F4bCA6nPI%2FjnVJwrfNlxCXch2IirjhvM1hgDz0Vi75bJqeGLyu8
0%7C%2B8wgz%2BcSjxBUN4OP4xBOg%2Fy1YPyWTNqEZk4VtVm9fq5tH3FkQHDYaA39g%2F5CXws7
0%7CqNsx5Yw2RT%2BUeTea7gVWHnJ4A4fpRxnCo23aS5nTPqGuTdtBHX9d%2BSoGaU9K3I5Y
0%7CICyV4CBT9PwDVFoI9fPN%2FUrGqVAAS4SQQmxWy6kV8AoFTYed17s%2BPWXODFabwCu3
0%7CyNotwHckDuOkj99f8HRWWzRl%2F1svc0JXv9lzpKXbGFGQYvTU0Xy1lzpB34jxNEfl
0%7Cj8DedGfjiN0s%2BWxeVbx06yYW6n4%2FIbD2EjlXfs7Dlfu86alrFxUmG6WOxYDsKN9l
0%7Cb5cnHHIfm1%2BcHfQC7ZHbKMbxZr4Ko9KG2f7Rt%2FyxywbdupE3lh5G0rqL6qsqTwlZ
0%7CzgGAVKuJh9a6%2FjguZekJyTK2%2F0liKh9OVtap0yKj2f%2FhBhX4RhAFQhL2cm40rO6L
0%7C5LrkJtjCe5GcKIlPMTBmlUyq1Zf6sRSjKS7qsqnyEufmBuGgxtkVD8%2BwexfS0oza
0%7CDx6oTCbyh0TY2ZJ914dF3JbvsjFd9FFqDdd9h8nxn6MQwVAAEVS0M541tWcr6qH7
0%7Cdro6JW%2Ff5iP31l%2FaQq6J86tuhJ0b2MI4qK5bhFDME85Zq6RrdE87Gt96dmaXWvra
0%7CJJXufxKpKG3%2FMFfvEzqu%2FvhfiXtGCtFcOuegDE0sfWb00Vm6UziN%2B%2B3EqtBCGNnW
0%7CbrCR41yAsHkkUnWz8LMEw14ExR%2FQe1H7tXOMCKi3RiaP9S8l37o5M77A3TLLYS8K
0%7C79he0e8CJ3ESlQsAutFlStXouR9vGzhRj1DaUJt%2BFvsnnF1U1Xq3StmFN0qfXBuq
0%7CC9LUM6u%2F%2FWVmcp2HfjSUzlZIxeeibc72BBF4FTjitQAXhvKT9jyiES9058jTX6dg
0%7CsALqKCcQn9U14l2L2vcf1uRmvH7dp94clw6YPlXFBxLCASGInWX4Cu0UOi%2B3Oqk%2B
0%7CKNNwXvtNZVXHze3YJwW2J6xSy3ZLsUzDXsjE86qJlDmtv%2FSuQS1N585Ou5IofbwO
0%7ChXY4Ue%2F6b3VdWNjldjuHou0KWWKU37ul6Ayrg3LEEApsLi52hJoYyCfWBvvlNI6P
0%7CbC%2FODJKO3gHS0%2FueYr0a1ittFQbpdJ12BZvQefEcy10FxOOIbyss7wKc7Hwvvtl%2F
0%7CnDY8MWFthY54mfrVjzLx2rBfl9FDOU1iqOhP5DFK3shVpW5U4zAQLP7S5adixQSw
0%7Cn%2BXpBMlwyhdt%2FOy%2BmJvwnrOuL123sTM2FDWJRVkrSrQ2wD0E0s6g8JRlOltCSsng
0%7CzwoxFU%2Bw0rZKXwL67EI3vcgi68oyuEFkfFfMU%2BBwb318d5puA3S5%2BWhzv37zayfr
0%7CTlRf%2BwLRtmOGo04ZoQ1RggTY6wvFKCHE6c5G3TSUqhymbTCVJcN99DN12iIlJ6kI
0%7Cg9TLyHhjar8BI8JWik2IlI%2BnzrW1yK2lPa%2Bh8bnv8R%2BpaZdH9p%2F1KN1u6ToMRNFS
0%7C%2FYYvYjN9L6Dwgz1nt5Rn6bPvRlrDxRyQjV03mMmhPiL2fPq5SZtSZwhtbHsRbe96
0%7Clyp6RgiHKc61hKRWqpB3t%2BDbWvI20SNKxobxGD%2Fa9pkYSlebyDmQpFehvpUrVIem
0%7CX%2F4RYIJNloJ22GriQhYXaDp%2B9RSWzKe7KT2cyripcRB8AFb0DwzM1pC3NGQQrIqf
0%7CLnu%2BAAAA0YGUJc8xICdXhmTt3Mc63ZRCxmQFat6of3%2BLBpcE1EnqOX4OVgR4jxQE
0%7CVmaAjs1fscXP5oE5dZze3H6EBt9t8ApfEWwNpHQTyalJvkH0VeH13zMs0ecDIpHj
0%7CJFGdNqkQBKwbdAQLphyqx8jEkmOytk7oJ%2B5v1cvw1euw6OirOWHvXV8C70JjNosf
0%7CDgGz9%2FOEQdbSphgyZj3UH5gtWj9bdVtKfAQou9tgmF4B4gbrBNY08hBJI8xfFNWp
0%7CyS%2B6FygOEIwOPGLt0JnJvusvEwx4d%2FyVLgdV8nMmMqllwqPEQomjkQeysqjVvudv
0%7CaF0pxZao2TRKvDiUn%2B39pC2bYM6EC4j4bAUTDZoFRKLxmo6jzvv0s4lPstjqDFPP
0%7CDurE0LVdSVo2T01SxQLGGlYRyMvJcmWPJfFEXPt14PbAN0joggsgdduRYeOzrVKJ
0%7CSD9qyM4AAi4tS%2BcA7zw9Y%2FIudW4heEIaiI%2BE2cQfSColEPAyTgJmx7MgUnaAUCkt
0%7CdMDiJD%2FbmjQriM4yPnK24G0Mw4uWWL76ODPgzD6QC6cIXI6upUk6jCBuCEB235OK
0%7CyK5M4AYp6kt0lioqQf5WeJYGH1JouhuBOklTzOdioS0cGp9MiSrzSAhgUXnceKru
0%7Co657lcwnXrtBiwsw7%2F%2FBoCqT9ggnf%2Fp%2FWtljxEslg6zl%2BNG4SxuERdnRhLhhmDnM
0%7Cfr3%2B4t0ENlSqTW31BRTIYbZQsn0u32xDS12yo%2FUi97ghErPns%2BQkmwD38HBj9Xmo
0%7Ct%2Bot3%2FP21Xf3bvjKOmijE84b1nQb%2BpD7pvQOAmvfNenjynX1m2CMDWueayJi3%2FYB
0%7CNq%2Fz715NSPd%2BBhhNP9CY8orpu%2F0EbRIPKUHkBClmZytCbWUxyqxPw0HT%2FKBuHC5r
0%7CgT2XRPppCbTMQTQuaApJdldd5n2%2F79FKM7eGRdiA5P%2FpZVb%2FLF9ZQXvch6MiV91z
0%7Cdla3sDrVV1bx7y797CTrMVPkpmtkw8pmlc4hks8rkHCG0pmwoPKQ9kPPF9wYduNT
0%7CbXZRYH%2FaZ2P0ElUTaSncx2ncZlWPUQDj59bI57I5sclyuG8d7cw0dY0p3zlBh9CU
0%7CEFOeuGoJLvEi48%2FCfdFpZxIC3kh31oKa3SZpV6U6RYmYTfqvfRlI%2Fmqfz5JQP8VM
0%7CZdU9CQE1McaJ8vwp9LAvi%2FeBfpufSrftr%2FRnkOtIiBnkmdNamy1%2Fcg7lcKfI9n0Y
0%7CWaj%2Fy6AakxBlpF40VVZcuMe6hh2xs8pXH095HP4%2BTlsV6KOBL6z%2FCwsKFPiZG4rJ
0%7CveEym1jSUmqfZZTe%2FZjMVu9D8RONcV47zKjAybv0rN%2BpWi4imV630R12qtRP462U
0%7COvgjyktW9R3kiqU3HEjmanV2tSLvo7WNNSlFKNfjiYKWLnKB4N2enrdlNFz3NaEK
0%7C9w94Jycpi15yWsj9KzQz4MwoBgGpBCbNTAzU%2FOVnLwWpnWXbnurtZWV16O26%2Blvj
0%7CQFx9PYf6MSEeR7z%2BaBokhuhPkZGXiN92WVwiKm2rAUwDcZf27fl46kPlGAfMxQZ8
0%7CS6RpcKPE9bC1HAUvEIctD7dMtse3IcLIK0PJH4w7EZy9c5LpvmSYeHjouo6iRGTS
0%7CG6Q4G1toc%2FyKXw34lXhDWmPjfj7TlwGiWNxX6R23fNxPjXZmOdeLRWexXjrIKqp9
0%7CzgGAVKuJh9a6%2FjguZekJyTK2%2F0liKh9OVtap0yKj2f%2FhBhX4RhAFQhL2cm40rO6L
0%7CbrCR41yAsHkkUnWz8LMEw14ExR%2FQe1H7tXOMCKi3RiaP9S8l37o5M77A3TLLYS8K
0%7Ce6Dt78dmgpBzIvYlL3IFHO7kGisGiYfEfgT3skf5dVyx1ABPueb%2FUy2ZdnO55AAg
0%7CS%2FJU8q16AKwhC6Bu7Lk%2B3Xa6p12A4Xaxz5pTwzeoPbSEGrfqJywp8AA4ZmYzekVf
0%7C2Nr4PGjWJiByAbC3FFO4j7D%2F384lsUZiH8Ulczfd0BSB2kQAaxZpoMvEeKNak42%2B
0%7CzRaJIwbiLjFfq0GhFYJH%2FcYoKABRvfkkSr%2Bb4186QF6p1u%2FNZ4Lrhcl%2BxQ3A5XgB
0%7CuOKmEp4qL1t8PHhe7sPSiNvfvKeyPgm79AHMb3aRDiqRGw1MBoAc7nPSRtU%2Fw8Lk
0%7C7pNkMBbAMXnMvC2S6%2FvB%2F%2FldCJ3dzX4oSvC0wCiI8CCfYqbaZ1jMaVCo6XjgxADi
0%7CqNsx5Yw2RT%2BUeTea7gVWHnJ4A4fpRxnCo23aS5nTPqGuTdtBHX9d%2BSoGaU9K3I5Y
0%7CZFbiJNFs6TDNy2teOvcOsdT%2FAJIdwP%2Fpil4XdUjVc%2FC%2FRTp5n6KXC3YeCc0Got7M
0%7CATHStAAPBbjJ%2BnuKe1WIWZHK%2BIJTbwM5AgOj1m4lC4%2BhVihzzYb4qjxWWHa6eL0j
0%7CMxtgaJm6u9011YtXoFV9M3bVivwgMLPDrXwGi1S1uuTsy5e8posdrClWjoXETY%2Fw
0%7CTD3Y%2FdSCd7WKs5rIC0EKztZB%2FnVJNOopIgNzPvI8FF0I%2FJBzvkmFx%2Ba3QV478H5t
0%7CD1C0m36J7uRxQRONaNA9dnWWwagP1C%2Fp7aaoQSSgNWbHNJMGZw4djGTtqGMoM4%2F3
0%7CBLPAbZRTF4VmcAmJybf5qCloS3O1n5Ppi3g%2FtwQDIsuMBVjb%2FhVECWZrN8SgO74d
0%7ClDMqbWAOB1ToTHCGTsyTAVgB2Qf9nPWX5VwPzs%2FeXKxVXM9IC971X%2BCMidSMimc7
0%7CKgKEaryjcnDKCiZxUkBaHKk063mLe7gN8PB22bKOsNj1%2FObzPadbyqaRbKjMqKl8
0%7CixcfxqybCtIMcsIOOUB6RBTgPfVYxYjO3c0JGh7wgPI206zwM1sosYGlUMH3Hb9X
0%7Cahg2RZHIHzRDPbhK0JldeTkyJBRWPIG3ktsaca8PWxQQ1v9QVglFaLd3ScXl8pS4
0%7CM4OVdcneM%2B4AmCQMkm253%2BhCi1hIXGuS1hiiSlSAGW9Arcbp%2F0bsu22R%2BhooCGVp
0%7Cq7tVaZ3W6onL2n7odPrWHSeQ50et03iNgq72VZFb1xNWJjYL%2BbSCW0%2F1Sh%2F%2BnFlp
0%7CnoGhF0QgKOpqi54j0LVTLnoaHyE5rNYtCXPaKmPglZTgrnumZfRXzveEqdnpZgko
0%7CV%2FOSicABYTu7bgeVf8tfB7ZnCY6R3xPhmC28%2FHqp7LMjuHGpbp1Ucg2fD2UNk5fE
0%7CbHcMFwL2Lf1mwhKN7wXCJh4QyxyxwPMNm4js0fjqJQwkyKkwKebF%2B%2FrOnbX9QqW2
0%7CJp64wJZ8xD2bv%2FK9VjkGXgE9ubeKoHotVnl2OgDGTjolY3I9%2BPxk307F7sqH1zv6
0%7C%2FS9iHoIcrbhwLv5%2FML5FTmV61rlcY8SXtheJiHEqI1Mq0jn09vFMU9%2FtsoC0tPln
0%7C077I7yv04PH6FEgnG6GPuTp7JZm4t0M9cV9u0wK9BtDK9viX9BQqVkn9QlL%2BoTmO
0%7CE10f%2Fx3WzT%2FmQH8HFdin2dAse3ej3oBUDh6MzmfjHBlcN488bcZxJRytoh20s5%2FS
0%7CQD6WJESBlfVJOKN0OmhEsKejafIIEbfLN84WBa%2FwEXPPlMJSGEe8wpsc4wC6B7F6
0%7C2Tme7ytNRbhqvkIIkAsgCXr8BriAajfxL5%2BqN6bJPRLDaEuZOukJe4THaqbOtYfy
0%7CUW6G9b2g85QgCxLlxJE1ernljcTz80tUeIdxLPoYHJdFh15znDDrf%2FyhBp5UKnCZ
0%7CYOLE42fs3fjcjuBKG9RWURmX8d1sZ8XZBes30NL9NLUMypFtrsQOUFABpBvq5U1Q
0%7C%2BxnE7W8EZMQfMlQE5YMZYnzgDZbJkJqjT6qhSKy8ywynbY%2F2wQFITkhGrha2vHi7
0%7CazcuPvEb7ed0X%2FeYPOea5XpHhwDCdGEmypS3%2BEblSvWVxksNnHk0gYGUI5lYDZes
0%7CMl54YRdZFcliY9dDy1V6xOgUsvXXmNjAYVqCnaLs9zBVBUJ%2BwDZwYsKU%2F2tZuIOn
0%7CEGKS70bD11H25LeycTfVyI83wHq%2BeBZfMhB%2B%2FaNtv2aD1TS0%2Bxso7SiblDePPpTJ
0%7C%2F0WnBlEUsa4e0kjkgA4Fq3CuXtV%2FRToRI4IBcqALwo2gp73nt1O%2FwCyqiASMKFeN
0%7CmzjP1zXhqARAZ%2BRqSbitCFS%2F9bqisXGgaL32CZ9Wsxf78dIR8EL4dXH%2F2eaCpYtc
0%7CzdsevT%2FAFX9SOxg0eiC3swIZT4g9L8XmFWZtBoytHLF%2FuM5587s4uImJwQFNzLN8
0%7Cqcwqs%2BUXyWLhFCaiyK%2BqDqo7rzdiOTPapalLdEcHLJ8i5FimgitzmQtMYQ9HOW4D
0%7CS6RpcKPE9bC1HAUvEIctD7dMtse3IcLIK0PJH4w7EZy9c5LpvmSYeHjouo6iRGTS
0%7C%2FYYvYjN9L6Dwgz1nt5Rn6bPvRlrDxRyQjV03mMmhPiL2fPq5SZtSZwhtbHsRbe96
0%7C%2FlxXJwlgJTrLE1gENt5VmQRI52xXxdLjUu9zPsKJqy1IGdvzH9FzZH1EDmHmJdim
0%7CaFPNIfABHZfKPDm%2BTck9rT4tC9oC1fBoXYUTc3jCBKrIkmAfdISUeiI5wfHw9kt8
0%7CSD9qyM4AAi4tS%2BcA7zw9Y%2FIudW4heEIaiI%2BE2cQfSColEPAyTgJmx7MgUnaAUCkt
0%7CqCVMhs7SvtucDRFYuB%2FRbVF2428HVL9gelNM%2FYvxnqx1Wxjj%2Bu3c4%2B29kqzzeVuR
0%7CgBZ8PzRWTS2pEPvwkWOS8KdPDUCBFKxq8NKt9DvKFcdKlZK8a9a%2FYOsH14dxvNam
0%7CWdn3EEuHtGBHbBhmci9zq%2Fp1Q2cKjxBrEAg0KI776H8KQE0YBQbd0oGveX96wg%2BO
0%7C5iRtW%2F2QtnSJYSifX9IVOXxpvHdXvbEiES19xTEGVLPaNSMpwebuwWoe89Ftnu0k
0%7CZnEFWTC%2FF72OQhfXYRtvne2kGsH2ku0OYhMZt88DKWyuNYK%2F3eN49dxSOpXN%2FD10
0%7CFjABu8%2Bt%2BM4ZshZlg1i5FNp2b%2BBP%2BR%2BZ2UAH3%2Bw4%2Fsgl0c2Hy9ITxkKdDSGlwGRA
0%7C1PhMgnVXLn1gz1u2vZa9T3aQ9oeImNv9rFqr6hTFGqG13p2bg1xqmau4enBxoffK
0%7Cihd5vSuE7VeqY4O4i2Z5WVcWZxAckrsBPDCfkr8Wpj%2BiJwyYmXoxzzpMCoh4Xlmc
0%7CgeN1RyMVCjJoB6wrtekHFy5zCZii5M5Pqvc8drMFDoogdokMruq%2FDby5HLgO8HFn
0%7CEfebGHsVCZ9LpUbEA9nbdITyp7HyXRvadQ2hBuKCvk0H%2BlHjoQHRrXDlZZh%2F35Ah
0%7CVRQ9cWzke8FnILUIceNna3XvsOu%2Bz5R0PorlCeobGaJ7QzBuUjPDVssPnBcaqJgu
0%7CXO68k1tRM%2BObbr3vS2rK9xKePr83f5szhWnv2hfb2AlRF7ttqzvA6QscF9hEhRjk
0%7C4AfGvniHLvuZhibUXtQkmfB3QM3KjyvhGC42voUErvZZDylN4XtU5A3mj1XjpvvV
0%7CfNYfNTr5OGASGO2Hip%2FSCXF9FWWItN1JP5UIiHO4YQ2PhvOw5sYH9yLwTYhxoq%2Fl
0%7C19%2Flb8RzDNt8r9sKyzAXLMlQwrHoaudQUwMdP65O%2BwC0dGT3BILw6Q1%2FUoA4CwSE
0%7CWUSu1I83WyMuLg0oszprffsC4IBOec006dqLmvYijPnKESyiDett8nEm8e0lz2Ju
0%7CBFpdWYc2FaUM9B5rAB9XAFXEJiqbrbHHOC87l%2F8IBD7Umlq2HkRtgaiWbOqvyWhS
0%7C4VzcCCK2HIsvltKNGVaGRfPVBVZebxXGt7tylJEEGK50wtgLXfoyT7qq%2B8kVKnBd
0%7CB6lxxWTUptCHukD9jpq%2FTnExMtt4fTDxYNB3UWKiEyCHQO8wzBwj%2BBclHTo4RuId
0%7CRLCADe%2Bbe7ce%2FAZwiFQko8trmBnT87uHHRPYHReXMSbt%2FnLKQ7NFR3QvI8YfzBII
0%7CTzls65UQLDfI%2BcJlVzHHBFfggOIxIi3RpsecQzM%2BaP79qYSbkUIj6jHAxEdAgnHc
0%7CJmr9hQxZE2%2Fw7vk7jOT4JEeOsi7fdtXL4ZDZMrHqzI8iqj9mr4wwjIey2Zmsycd%2F
0%7COZbPrcjHbLZT8oYQ9ITdGGWod9UgSmuSm1aYbd5JxvIaVRTSU%2F%2FfCldlIifcGdIA
0%7Cdnu0kx9unyMjJvtTynJdAHEpGhTt3nXmfPjwTdXXS00QsHtoIegip08T2%2FOdRlzh
0%7CnDNZeyFUnDrZ23GwD6OqSM%2BvYYDC7RwBzY0QewVIoWF3yCRY906erZts4zVJQe7A
0%7CAKDJJzEAfjaZcTUfmuekfTc%2FUSvC5vR8C9F5Q8BoQBV1sU1011f7%2BD4OjpVDCALT
0%7C3HbG%2BGTRfbinvkcPRVHYQDDoJxA51dBRyYD9U1IiU%2B7fux37xDCfb0kY63XptoI1
0%7CL2VhWv25L%2FsYjgi1HSWMVZ3tp8of81g3WFZSv1Ru95wqGixvbEpyPJ9nMiUcLJhO
0%7CtVO8SxI6VDpcHSRhFfrBvgYlaW%2BHtdXLFgNxBB1nz%2BQg1kz5hvo2F%2FfN%2BQoXWIXH
0%7CfuVk22m041H0gLkHS5FCGqFFFfd9kdhNnMQZ5Zik3uE4bxdQ1MVZD22BgvrqBbv%2F
0%7CvfRz6tSQkmL3QKZA%2BcnPYGiO9HgzQozBH%2FHzgzJpx1pltYv%2B%2Brf9Fl3K9RNi7LHA
0%7CUwDrWaoY4X68OT4ds%2BOXCbhFOejX4LAdcy%2FtRSp615Hgo0BzrbbQpu1Z722cOkeu
0%7C0JCtrZA0Nup64AkePVmXp7kgpBStbua9mxYa7d1mh974IXEyVWO%2Fg%2FRSYYFurT9k
0%7Cq%2BYgnuG0jGbZktVthTEW%2FaJur8X89o7vXDwLT4%2FJnM30RFZ8JZlbp6aBxgribOuh
0%7Cgc9Ll6YKaIMyt1tp0Uq2VZGt8B379Q5H%2B01tZqraIt3DpLiabNwCz%2Bj3fnSqlECL
0%7CTkEQ1drX414EyFmLt6y%2FF8643x55L4j80VF%2B5qXg92G1EEn2Z3zMtb%2BruWMYCtzU
0%7CGYUJJbgKiByixBh956tEcrrE8tKFzt%2BRqycgviWLixH4js4eaGo0hPg4bMoI9SXP
0%7CKqh2sQ5uK6JQxE9AzoVyMzt%2B5WsQ9dn79AFURjuJXW3aHCTGIKJGT5ZGV5DGgt0J
0%7Ct%2Bot3%2FP21Xf3bvjKOmijE84b1nQb%2BpD7pvQOAmvfNenjynX1m2CMDWueayJi3%2FYB
0%7C9NYfOhhPcnI1jBwpy1kzxZANVUSlq3axFflbO23OCbl4fJVa2SNW%2F4lEvDllaR1Q
0%7Cylwd6pw%2BhfzHJ7BFs8tHMfqhar3SYMcfAi8ozcCH%2FVjjBiVIkybcpJxJhp8EwaNe
0%7CzRaJIwbiLjFfq0GhFYJH%2FcYoKABRvfkkSr%2Bb4186QF6p1u%2FNZ4Lrhcl%2BxQ3A5XgB
0%7Ciu7%2B3TUrptF7mNBHF8sg7R8PhAYszeH1TsNEg0An%2F65OP064f6GJjH4S4180dIlQ
0%7CMy%2Bq%2FJARV9GQ%2Bj0urGo30je6ZK3WM1l5%2FRmAA6oTAu7OkF4hT45o%2F%2BPglAQ0kx%2BC
0%7CXEBwQIvzBX9Zb63xz8h6316t%2B%2FiEEKzBIK00Is2IwQqipgSh6ep5riJ9YjcepAE3
0%7C%2BiFskTK63Kus35QbBJUvD9ZN1u6fxxi1B3prCHR5OoSpHcxoLIPQmx7yYOtA3BiD
0%7CRPF90YHdgje4B%2FGBXiQDpO%2BHhwgBCspA7BJ8%2F0djMv1ltC8VytSqn2%2BIdEH2dIa8
0%7CYT%2FuMTF1ZoItR%2F8M1GZ3qh2OOgYUAwTixldKL4QMSFglImXp%2BcPBylJSDeRAMuAm
0%7C865bR230Xk%2FqZE07rdz1pOrZIxKLQSuOzLAmluFJdICNUcEehMPqeyIFXs6UkSV%2F
0%7Cj0Q9KwWMom2H%2Fxzd%2F%2B7tuc9b0E1fJsVMJyL1nOi69XE5q8tYHb4qqoVBTDk9BRAl
0%7CeHdpxfkLCqrOnW0ASmMkksxcFfjUoW4iVUW9MK4aR22heUyk%2BqAcTKEuYnw%2FMixl
0%7Co90SHVxMbfqyUxl2YLrii69ig%2BRtSjMxlf81y9BXCuPztQ%2BB6vDODELnzxZK8Vw9
0%7CCrv8iJRyvSPhTiZakKFQQKpS%2F7F%2BqM4tG45qJMK%2BkTzIJ9L3CCf%2FkkWYhjsct7%2FW
0%7Ci9i34vSKmhu3hJN9xFiE3pj%2BSx8AUH2Jxa7LX%2FFp88I%2BhjnHWVFbGFczLW4pHyOl
0%7CvswobdC%2FeAdqY%2BanMhy20T%2B52YnY7pfwlVjypdH0oaUr1fBw8OG84z91x4s1tUQ%2B
0%7CIweCxO5E%2FxJiTNCxbPE2yzUr%2F7KrsO8wT5%2BLuC%2FL4v2oXAlFzyP1%2BMHExZrwSFT2
0%7CtCxxi1ZivRe5lp3LEdacqYYo2KTvx83Mn5SESziKa5B4puW9jgr63J%2BaTMOcpgrb
0%7CVnqy8y7J9Q3t8CPG3tChONrAqk2giNgMD9hL1bo9f3gAFJrEjIAZZJg5Fcdpa3Yz
0%7C5vAslv6bJftpETQ9Cy2xxl9VeeaV29c%2FyPkD%2BXZr6Yw2IjbqDRzkliN3r%2BOHsif7
0%7CcYyTL09JRziFMcMVDr5pJHOjRV%2F0r2zI9RJQ4j02GZ9oywdmA0yy3R7J4tCR8DQN
0%7CxdIXLPEBOLrSrGZAIad9TDUY1VxQoFAMYTUt%2B%2FVIkdCV6entLzC2eIXzIgaXbD6d
0%7CA1RNZL5AaXeQb3DyHTM6nyEjSeyAWPdHs%2Fv9dxozVwnrYuypByIvW9mocGKF9ogA
0%7Cj5G4wkUjQCryJ6RllRsZ0IyUjPeORTCmc0Zr47DDLpAD7q%2F2D52%2BhI4LpdoJ8%2BS0
0%7CHu%2Bxh2wGw3TqTDbL3PAWVcdg8dYl07poSlRLF4k1K3H9thJc4Tho9dwc5uqJU3fh
0%7CRmc%2BRtKQocD%2BLzhtU%2FnK87dFWNr5SFMFDXPHSvEj1VgA8wgAxjhwkK5MwOPYs309
0%7CBcs8XSlge2wQsZRFQRLOaG15YJBd86w2IirsMQjm3tFCGRFoQGwCBVIBlxrr2oLK
0%7CRNKf%2FWNqsxNGNT5Viaowep%2FVYOcP5ypAe1%2BbSHKb8zWTmfiRss5LB%2Bntx2jnYPm%2F
0%7CZwg4IVPbMRmyJbPnPwWyVnRjD17HNd5BUhzkrQpGmPtw%2FgAbLogVh%2BWeOPq5%2FOTs
0%7CWAus9GuUk3Vc0qNCPTpYPd%2BB5UiIJtHWSkoQY0thFlOImI1d5Fwdt2Y5urDy0ICl
0%7Cpg0b41dW%2F4iG19cKIMNAqJ3EvUeWZ1UfvR32QLG1q2vQg%2FwhMVefe85cO83R0QDf
0%7CFWDEOQ3tHBCFvl%2B4%2BcHmcn0r7O%2BaY%2FzmoBx3HZ%2BVe%2BeTIWBAK1NT8uEVj09gPrt8
0%7CuoIbSfuNGTdzEOLH%2BrmsZsQIOSu423yu1G6VveN9cdAkEOLY%2BXSsuvcwfOhsMbTO
0%7CQP4tfyZaNlsS3xQk%2FbswhPhfKXs%2FUg4M85YhrNDMg%2BFfACPuqKpfbYLYxMMwjs%2B1
0%7CI5%2FW8xY8jv0yfbE5XUP26cJajGvGeM11%2BOy5A9sVvt2zHdZkXzMcOcdvdBA7nmX1
0%7CtaD1OHOosbekVpl5A7Gjt7dGCSl1hXIBvdX7qf9VzCLQa85JdVCPcUnfkmyxhi2g
0%7CBLPAbZRTF4VmcAmJybf5qCloS3O1n5Ppi3g%2FtwQDIsuMBVjb%2FhVECWZrN8SgO74d
0%7CwIuJUUlUbOF7IB8rsgVRJr3k218PfueKXLzvPJdUAmrULaVr5O27pRn6xHUZcY0t
0%7CcXeZ3BXZhPn4x0WGUpItp1uuWCSBCWAN%2FxqwkB6S7s%2F%2B7nburVRzp2J622tI1ms8
0%7CTpLrc7KM6LDzGHklkzfG8d%2BVBAkB3N7eb2%2B19FZKvLVh1ZVKIV40YNxZ8QuFnXDe
0%7CM3VOb5HuV4t5AcnUDkGipWlOHSJsO7SgCHsBV797Dqy9BSzPHB%2BLA8gA72DX16FA
0%7CnGmXEWeoQN58IJA9%2Fc4tZIlDm3YVg1e8PGsmW6tQ8n3SRqqs9iKNn%2B4YnjUASQXh
0%7CDgGz9%2FOEQdbSphgyZj3UH5gtWj9bdVtKfAQou9tgmF4B4gbrBNY08hBJI8xfFNWp
0%7CRHVIukhqURM7l4v6yS0omPsvaYAnT%2B9vkK1a7TZOPAmolzLI2XekzApzFCvGyr0D
0%7C4HYLqZ9e6DFb43gzosoFx4CedXr2ytC09xvbgAND99JSoZwngAHm96GZSPOBZv5Y
0%7CbU73dJesOJNVsfi3CjorRx0euPgn2aXKvFpNrGtp%2BBsWYfUXNx3889c5ZpL8J%2BgR
0%7CkCPIr3u0FMKWwr7K%2BRbzDe2MIk6MgFcyrXwMBQiMqXgLIXABoqeaRohyWpAXvdbU
0%7CwX0zoqFfjgumNcMZpHCPP5sGATFT967XCsk9ITDWEFqBXnjhNk%2F7X1doJtTWXztU
0%7CZt9qihWKcCJnIfGAn0%2FIO1Djzo0PgjVPb%2FWqmUm2prWpCO3nOg%2FwuYkIQomNOzsu
0%7Cr9y1POMgzb%2F9lW1ygBIlNL2eox9I0GZcal1NtklOIlMopiNt4vXp1uPgElmqD8EQ
0%7ChkxHhfkQhkI1939PBQS2ymSrqcM45JVIkpU2isd3tTLVe0dG%2BZpq2glTdMDGiYbg
0%7CES%2BvQ4vgDrcLnOsPEKcIDh4ZOnHRl9JeCGlaOTt%2FGSgHNpKX4ZSwmLmqTJRzcWMJ
0%7CZt9qihWKcCJnIfGAn0%2FIO1Djzo0PgjVPb%2FWqmUm2prWpCO3nOg%2FwuYkIQomNOzsu
0%7CES%2BvQ4vgDrcLnOsPEKcIDh4ZOnHRl9JeCGlaOTt%2FGSgHNpKX4ZSwmLmqTJRzcWMJ
0%7Cr9y1POMgzb%2F9lW1ygBIlNL2eox9I0GZcal1NtklOIlMopiNt4vXp1uPgElmqD8EQ
0%7ChkxHhfkQhkI1939PBQS2ymSrqcM45JVIkpU2isd3tTLVe0dG%2BZpq2glTdMDGiYbg
0%7CiwnmSyMCucXYDfGNyMeq%2FC7EJTWqBsRyx7IJG8MrKXCnMmrzYu9WMrP2Id%2ByYJ7Y
0%7CN8f14Q52VDEmQ5XB9PGJdgzMUOTsgsRQSTjqp0s6ll%2Bg6C%2Bnd8%2FzRtyY9QxJOWz6
0%7C4MmOdA1p2L6ttcAKOCeovLWEsreuDAFUIlYAPxRJ6Ffak6mEguFnn9x8djYR2A%2B9
0%7CveEym1jSUmqfZZTe%2FZjMVu9D8RONcV47zKjAybv0rN%2BpWi4imV630R12qtRP462U
0%7CPVbl3R%2FJBHX1dX8HLzZWICCgECFP%2FRufKZ%2F7bGYw4Nfem5v0jaQ1H0YoEYzyWo7k
0%7CMx%2FUKGqRVsaO5bsyc3%2Fn9m%2FP8MC73UlY%2FkD3ZuJGtVRnigGH%2FW7gmpLelpKM9teE
0%7CATXUdfj63A%2Bj3iSnXH3Tw2b52HkTZ9FP30bvcfFDYW2Vb32Z0ZWukqEX1cxi046y
0%7C0qs61Sea1VXwg5qEhFMr2W9zqD%2FJjEMu9qY3W2Q1Xt2SSEAbDkHDDdOozWz2Bb9Q
0%7C3NFbuNBenv0RixKczmd%2FxKTT2Xj%2Bg6gRR40%2F02ReULK0vpaLZ9aiUGzln47amzyJ
0%7CwAlUIDslcVO5E4fXBT8%2B2%2BK2bfvcmBgg6WfQ%2BXsCmNXvHkw1iUNd5sA%2FWxDjpitK
0%7CGSCKaYXVOEuTxgPi6pn4Io387cTm2cHLUHa5LtxEDeGnTxoNzeVpwI3gBUW7p0Ew
0%7CeHFHLbkyZHhZISGQsOF6m%2B79c4Z1ropedEoVyCOstjgJmrTpLtP1V9dJ2wqufCSA
0%7CREqXGoG8X%2B9znomUk8ZjvPe52a%2FfknWi0dsV2%2BqNZHE9grg3731gPdt3hTMVsARI
0%7CMcnq4EeLi4dKJ96NuuXnNlufggY7kjK1KFlC9DVGPovBd9ggiUgkn%2F%2BPC%2FR8CEtU
0%7CtHOn1j9E%2FNHOnYKcqqhmL62soJf7lwX7auLxgGSiRslvlxOtfxgLcJ0vlvLD8KA4
0%7Cc%2Bp4%2Fhj73BBpc%2Btc3IjT6YhFfEZAR5rpQ7o12%2BxxT0bnN2xFlZxUenl41fUD1xOu
0%7CKAQTkUR%2BHGnAQ%2BZdyRFl1PHYqfJT0VcaH%2BhX8ymuMDnrtwX59q%2BHfXlBRf8EkaBU
0%7CJFGdNqkQBKwbdAQLphyqx8jEkmOytk7oJ%2B5v1cvw1euw6OirOWHvXV8C70JjNosf
0%7CZVPfnch3A%2B9JU5fVXP5s3LV%2BOdxNcOmMekwe8%2BNE7vrl8cdbFUVmwltuKhDOrJFv
0%7Chwy0W8P4s4pNKub1x4X2UqHXlSnmJA4v6wPPIg9Sg0f%2FNFs8MpM0P5aRQm%2BXJjQs
0%7CoBb%2F9sb28IK7pkJYB0gan%2F7lTz4%2FRRSfAzJVB4pAEJTMmueEPJmAhaj5ILDg868K
0%7CmaMKLnLjw5qGb9wk%2FcEhzw7J7ehPojmMSor6JFOUkISf4JFR14IpUBBGDWngRY0o
0%7CKEXHoPswb3ZlLslVozRdw1ON5SxZMIbwAMHz3RMdSV9faKwWerqe2HSvXizqQciT
0%7CXIuoJWMFdhkbo7tGCnQoJhK24AAWzYSE%2BUcXvqNYid%2BPRlS7zGvjC5gkKf0HYJs5
0%7CEInhkJgw3rUjSgUJc%2FK0AdjCZ6H0UkRofRkZfqcqHGbl6%2BJIk%2Bin6Yibq2tuOPp%2F
0%7CyS%2B6FygOEIwOPGLt0JnJvusvEwx4d%2FyVLgdV8nMmMqllwqPEQomjkQeysqjVvudv
0%7Cm5z18bzsphev9VkRCzMFGr2FGXza1j%2FUyKFdHC4YUjVAEVxqM2o3bQP7iHaQraB7
0%7C6Pa5TGrdthKFATgCJzPhSJtSsUCofAFZeIkSQDAYb2%2F%2BAmKmIsMqMSMIL5Sr43KL
0%7CVM2DrYDfFCloiUTrYbY1hlueIn18wpRUXWgo%2BOjgstqHDI6cXLX%2BTBJIIVlfr5Xr
0%7CWaj%2Fy6AakxBlpF40VVZcuMe6hh2xs8pXH095HP4%2BTlsV6KOBL6z%2FCwsKFPiZG4rJ
0%7Cx318ZPLCHeLUJtxsebVEB%2F1qub77h8ighFC3qsqpXfKoPkixcI1frI6vBTTedxab
0%7C4XDkRO10sV98apizI7aIlsvHlayz5ebFHeWmxngYD2x8CwznMasRuBiWb5mOT6N1
0%7CdcUYsXoMabtkX93%2FM5v0keJvwW%2BCQYMIy0tixjc1WOUG9%2BCTsVhtiZoNO09kAMA%2F
0%7C24Dj0%2BS%2FSwKQlJL5leVMwIvhd%2BPEbmbW3ZhtEfvSh8%2BReYBmQkpCciMAKrgAJarb
0%7CDurE0LVdSVo2T01SxQLGGlYRyMvJcmWPJfFEXPt14PbAN0joggsgdduRYeOzrVKJ
0%7CIPgwu1bu04uL5q%2FumupQATp3sVtvc9tdQifgkJpBtgHxjPJy6vO09KwdVUnJABiM
0%7C717rUGkUtvBxISOGlitGRt9l5iJpcr%2FsflNF73ZNKHnaynm65RGp74TQ%2FfwRRcKu
0%7CI7nNFojTvFchU4ks4vRS4WPYxsvV3SRSDOsKA4%2BzEIMyPsaz2FB%2FpwSW18oHxxPp
0%7C9Hm%2BHih4jp1ZX3TZFBdXZmKMJrBtI78L9c2q2%2B9FchA0eynwpsmz8DpEeLn5NeJt
0%7CoyTTtnZTI8YlyKZYpc3T5sgLucBpUbiDbvSW5s7dpSil1rVsj%2BUi6M5HBzpZE25n
0%7CGe2LOMhm7gTKehcM%2B7mFKAncQa%2BQKatMnYDvfWmM785WNhLGY7lnhoAmQzgS0zit
0%7Cfl6LSLSyKkAsAPK1ehbcJZJpFp2ZoWw3He%2FvTqDoBaXtQQrgf0a1vvhPBfQ5nbil
0%7CUo9u%2BVL1osJjAuwHbY9Tk8VuRHJBwt3UVW4vACYUPiuywqEfpRFBNBnhtn%2BUKy3a
0%7CXhs61DeWjAY6LaKzVpnIV%2FMiVmoLf9s0%2BcOZF387AakbqTN9qOQj9D78TWPLns33
0%7CF5srDYn7tInScaNwnK1JNRA%2FU92K9I66xTSGDFnZ%2FGAnjVul5EqaapsnLqBzpHwh
0%7CKWnJ9KuQuQ5%2FM5o%2FYiovzKXs2IWlrrXr4uAc6Ucp%2FB6bwal9hnZbppZmglXYlWIk
0%7Clyp6RgiHKc61hKRWqpB3t%2BDbWvI20SNKxobxGD%2Fa9pkYSlebyDmQpFehvpUrVIem
0%7CSPXIQiAyaG7%2Fen4lPJKS1OJ0KQzDslracCsoHAsk9YHZ7H17sLWMwBffD1hjBQg9
0%7Cdla3sDrVV1bx7y797CTrMVPkpmtkw8pmlc4hks8rkHCG0pmwoPKQ9kPPF9wYduNT
0%7CzlLg6dK4f8XxQzwfLVvGrTdJT255fP9muGqIhNH1g6W%2B5fGnu29KTFawWK0R6nr5
0%7C7TiwYy%2BjejEcBEF%2FEkXLP0xBd57citXgMqVC53YIZJFLpEA%2FXqyox6fQSOGYFiB2
0%7CNq%2Fz715NSPd%2BBhhNP9CY8orpu%2F0EbRIPKUHkBClmZytCbWUxyqxPw0HT%2FKBuHC5r
0%7CBTTl6X9AfzvQDWNUyUnT7s3nDprxxZFAD%2BrKnwZONV6xWr7WCj22q2llfzhXQgGS
0%7CqaLRcGYDsaiSocnE6gyPHMn9USS9FdPXsrTCz%2BkdOKOVka1SYGWuSHDIJBl36rVO
0%7CMPBgb2OzPvPGvluHB4TCj55L8p9%2BrLzDesILI8%2FaLKnvL7Afi08zLQWQ2UEtdRAr
0%7CZdU9CQE1McaJ8vwp9LAvi%2FeBfpufSrftr%2FRnkOtIiBnkmdNamy1%2Fcg7lcKfI9n0Y
0%7C5AYfXEd8bRwpgWqXKRRWNZDXFO%2B3I%2BB%2BHsRxE%2B5Y6vPrpfeELLXplydlh5PMXnI0
0%7CPwbyIqpwsUEUsey4%2Fl7eFaewXhJrre9Z5ERKZjd0Iwhs8MP2YXQZdUTak0LbPZPE
0%7C2yh2VGen8SL%2FgKJtp7Rv8RXUUNW%2FqcCzC7ek%2FqBXGi9c%2FrQXTxRB2FX0pZLhfFUh
0%7CsLzBzCE%2Baqs7RZ%2B7kbhrkYO17YDoVxgNI3mnsc2MfQpf1wpJ17%2Fa0Zhv3nq0q3kd
0%7CD1C0m36J7uRxQRONaNA9dnWWwagP1C%2Fp7aaoQSSgNWbHNJMGZw4djGTtqGMoM4%2F3
0%7CwHJc3SYw87Ih8IvKqi%2F6BQ6gW67RJzZkE0Lkg9rhrmNGH58ODXTIEV76hCSpTlW0
0%7CVSQ%2Fnz63mNSAqnyhJwJpSg7UM0EZS6CkUig7nhDMbtrxUjm9df1d0dcICRNzsf4b
0%7ChEWdENOGJIQh6qYhQ%2FCZkTaX%2BzXyc23eCmnM4vHq0QxFmevb8PxKPO7lYqaZRtrx
0%7CIcsTRPleGt1kuoUkvNapBMGnQg6fMuUSok2kt7RKHiqUyVgN0qpEVzxIQb5LC33x
0%7CUItk%2FM62rOPtGD4pVPzJGa10uxY89lFQ2bryUUUvv7vVvvY6jikzkDP0vHG8pena
0%7CL%2FI8ZdHSF0Pny4Ih4FAbKNdpbZym04SKT8WB0pqyp68O91%2BiXGs2EuWnyJvCqdx0
0%7Cp6Om44ghi8mRtDP%2Bs2mn57S%2Fbwl9XlM6knScpupNrBYyVUeKERE2tMlY4ejuy2PA
0%7CKqELatrvisMAsJpQAded9tUCJ6BNwiHAT3WO8LWPlpNjrViYw6lniAeo8qNmOpMg
0%7CtbixwcFZZllUJSpNzdwsajHYeIPbzV5TlmnDlbWVtE0VZwJOITnMmM5jo4hn7wsi
0%7CfcEKtIyq%2FV5jJun%2BAEIefRaQpVx2p7AM2O5CwaiEZ%2FR4lM6YAJuhjv7lcWXPi3Mf
0%7CMokzbzFZhH1r%2Bsx%2Bp9KafA53Mu5SzkdEq8bAHhCZMOwEYh%2F0bCsqDnYTTNBq9T5l
0%7Cp91YHJu3Or%2F02fhYkQD7MQ3lTYMnkEnkNA%2Fg%2B7zYZWkumwGCu%2F5Gf9E06h5EZ5Ns
0%7C93niVN1QUDVvEA%2FdmTmVbNCtZiDbF9ZCKY2FFGt%2F8fRwDM7prbBku%2BiI564%2BIrlU
0%7Ce6Dt78dmgpBzIvYlL3IFHO7kGisGiYfEfgT3skf5dVyx1ABPueb%2FUy2ZdnO55AAg
0%7CxutShAqcAYBzYM0RIqIU4ustkDxXvAWcRa9574jP6IxkRfkLchmx3MGHEqLW7%2BDB
0%7CxbjqmDV%2BjiPOag88mwjj1Yd6yvV2%2FpKOgA35piXgsmcR9G4cHSoxGKWeFQ%2B%2BDKhe
0%7CkHvYu4jeu86FWKkQV0WbRjK9HOGM%2FmOKlFWkMW1kbpvMC4BrLk9ASN1hHZv2x%2Fps
0%7CT4ZoXnEcruyZ8NTsdKLgqIakMsCeTHirg5jSrqj60n7GhXWhvhfgfOGN2RJ8Rk1V
0%7CPGfHoB9f0u8FoN%2BDuObriWsWTioOCj9euMm%2FGnJEVHRPWW5cmHxFJUG9mzqMoNUY
0%7C7X1UKjVLX7j5AUhs5iunU8DiLQfLgXwjmX4NNl5gtK5AiYmWvaxIHEWKPmNShVCU
0%7CtZ%2B8LsZIZgWAdUDesl8nq3yPJFkJKOGtXB8NgGY2PVer9rQvEypavxprYiOQscAP
0%7CkfFfizEVtXGyiCdVbaYSmyxZdXK3%2BAaPl2f%2Fu6brkXtDeC55pwnnbLyHQky%2F5EhM
0%7CTJEWttFCCEbItUVr3Vxgdn1xzrRMrpjEyZoGqyp4i3h2r686uz4UAR7nzbHY9OtL
0%7CL1L8hhRYRQYAC2kE2B1aJEWtpmQSWR15ARSZPaIQAAKL90%2BueYr%2BqzuuW1A6Y5Mz
0%7CkFq4y8gM368QIitV%2BWyt52O1hukxluPOPBrUXbOWqyHpkS%2FFiE5HiigFZmO4VP7t
0%7Cb99erMhqXoqawKv292V%2FjnRNG4SpAQIxmbVNbOd4btXjih52oQHaQOacjeGPsYj%2F
0%7CmHXDBmFi226M1c7gL4EUC86IqBbjZIVtUOfdIlSub3%2F8q%2BoqtZHOlhYIngoz%2BkzZ
0%7CQ6zx16tD7x5t2dzIv8NH3S7iIb%2FDkikYKcvXHw5z34sGKC%2FCy89IykJ3QKqqgGvD
0%7CGcYg585gjmLHX4PImPS5ubGDkxWunRCOWkD2YicNenoXzc7RZWj6juWqxn9YSKq6
0%7CrTuv0%2BOazAbHz16kY8d%2Fyy36qoMQIHRYEO91dvdCvZabdF1UviTo4eOwE%2BeK6bhQ
0%7Cc4jr55AO5J%2F2PZK%2Fsv2SyQISwIZcmrM%2FLPwYzooo0AKRyx%2BEwAHYMASYmmm0z87w
0%7Co5UjbKKbc8D8luVXAsOYAUsASyhAoruVPjDAftrc0%2BrC11HYHRuoapt7ZSEjsqFI
0%7CC24D%2Fy%2FvBsMrhxeMxbiYZIoBlbOaVXhBjzE3b0bvlaNMlwI9%2Bff2tnnyH2o4VR8m
0%7C7fgKwm%2B9kFK4wv2ny5XdIJlzv0VevKy%2FOS4OKc5DE8XaZmGGluiApdREXEcl%2Blps
0%7CwPzJ59eCAsKgfSgNrf8TWEnOurwVgT8Ik6N3BlGrYIvubLyL0nDr8nxXmCGCPkxF
0%7Ciqxe0TPkGYDlqZXE5iF58zZYG57C1NCyYNLdFb9imH5oEyl6ILdn8vmJCfb7h5fR
0%7CIoLKs%2BRO4%2Fr6znhU24euXGDhC4yQM2bXSaXBT53jXyVHiAl9CRsDIBVUAiL46VPv
0%7CLyNwOTTYaitHLLiRdQXfEK9jh%2B5JEXrMSeM4e1oJuvLT4vJbA3u6Mqxd6Cn%2FSXwq
0%7CvxEA7tlJ3H4Fxw%2FAGZcccuaIHzs9HgdbNabg3yKxNKe1W%2BOa5ozMpZufYdGl4iA2
0%7C8aZIfAmX%2F2Q1RGpf2rt6jzEyQbHlTot2E6SksuCRTNJ%2Fo7%2BcPRF0XLNjI3RxxHld
0%7CoJ2ltEJnQc4BxUe8LKqPIGelqLZqL4JMhAn811eJ1M9vdV4dCyBQ6iD4TCOJ3BeT
0%7C%2BvX78scvoC%2F3UTj5Ol2%2BsaLaTsqpkibp%2FGTPx61qeWW2WF4zDz0Bk27xT0%2Bs2%2BPq
0%7CYG3WtZKqozqDBa5fO8HQxv7ybcEw8DppKuW1av5R3D%2FpvrJ3YskoodGQlSHgPoLA
0%7COLxs9Z%2BYTVloEgDs%2BRgpHORVan4vPIHb621WEgDiHlozrV8aR5ja8fA%2FuQ1WdQV9
0%7Ch7OxlfJzLG7P0M4O%2BO1m%2FARH6eLlQxZMfcLtxfwrsCr1AMzkqBzsinkf%2BZZ0hdmG
0%7CoYKUL%2FuKyD8tjBtx693tRqDTyN2DrDE2EEsae9rwOkup537MTPY6wbaafDfSuJ%2BZ
0%7CKyBCIN8KWdKjgPRhltPh0osA4esXVOec1krFLqnU6FEse2qJJPoHUKWDLslFzqsp
0%7C5qw7yXum8jHbkUPO%2FlbqAxyResAiRbof%2BKIGu433yGDrUTLdSLsW76Ev42fi2sQs
0%7CFWji%2ByL%2BKIPvbUYmuQIzEGg8VWBR4VQ65gOIg%2F10JhFLXDfqeWkA7meBrYSS8MC5
0%7CDy7E7OFnAtR0ZHkV7j12kiMAJfV%2Fqm3oiIS%2Fge78CWnIsYt%2B02%2FpCpnBP4bI9q8p
0%7C6iXd1EbiRkhn6Tah2HNufaStdS8%2BukQCvHjtML5uZ9NEGM2zPsSsDQgZb%2Fgp4cdX
0%7C5QIba4%2BLLwYzmoV45jikJZZP28uxEdrxaC87EJxmWbgg9wDg9VBctvk%2FNDdFHl6t
0%7CT7idNi9CukvCRf54tnPXfqe%2BsC4RgYFUJIpvQNNfkqtWYn8PbyfjrTjNxQFyDpiL
0%7CG6Q4G1toc%2FyKXw34lXhDWmPjfj7TlwGiWNxX6R23fNxPjXZmOdeLRWexXjrIKqp9
0%7C7eV0Elh4drxf4EJ2pFYHexpUDYKur9nVBwtZVqUhzFDPwn15zbwDrdyMGniXeSiu
0%7ClEcQdO1MPRmnUShT9gVWQ3Qxj84NuQq%2BahS2eOOPvt092Q2sWJSGrNEhfNx3H4PS
0%7CjVBZtl7CW3uxinZTzF3G87S%2B8dVfMl84mFAdQ1Dl4%2B2azBJCuYsW0%2BzHRvZ1sO7P
0%7CtVJJU2lS9mNQ%2FrHRdEbftto0YPoAgw0r1QLUucqjigzRl2U8tJwlk87fi5Y5daIO
0%7CATer%2BUkGAZJSy9IvAl%2Bl9i7LAqf6fzYdyG2r%2Fmyg8baBjHvyIyW8o89IX5xG%2FKAA
0%7CnENK4QKU0q3doYGxpuPIxOXg9PxGM5OqabV4%2BVVuq3Oari4Yu%2FUTLUzOQhLj6qzH
0%7CA2BTLrnSHBzK37f78XAV%2BCYssbgjTTCFMq%2Bk%2Fh2QKkbltiX44jtJ57eAVpXhJ%2BpE
0%7C6jVEPkZ70suvih96CM4a2biyu8FgkF9GaMa5VvX4mMm%2FGyhiaHh2OWLfN48Z32Sd
0%7CNQfCMlpVtWuf9ULvrxDsUz0LBmHWgdymRy59bfdbpsRyHkWHGLQkczfwZ%2FefFgJ3
0%7CtqyWEME1IKmvvUJkiCH%2FPlohVrq%2Bt2m4oxfX7I3GVJdYBeJtqw%2FAce0DGIu0GZTQ
0%7CwOmT0mVJNbhuDg9GHFzx5eO5pyhvdkfhaBN0pkJ9ycfgKm056ZGnXkBAn94IhfCL
0%7C1VUSZ1RzKrnxuwedIqTYxozYN6%2Fleu8rnkjaV9iaD2w56uzfxfv3pZg3rzbsHKP8
0%7CCmDICjkoourDPxAq7cwSjjOcADOEyk6J9R5XjpQr2QjUo1y5NZVm%2BD9s1OofWUf%2B
0%7ChXfQK6MaNn%2BtYCguGO7nuMGGhkgoPv1OgpnIZVdzSSyZlf1UHhs9%2Br5kg%2FortxDp
0%7CECpTvwOArHBk8lL2yjJ9KmCcEIcP3FYeL6sgi6OaxncIq6rFWbSICOI5N7ct%2FM52
0%7CYyGU%2Fbi1%2BrPFdGqMlbKGTsgcXSkZbjvqme6H%2FwwG79UZkCr1wRpRWYoWHlAsnaQE
0%7CEFOeuGoJLvEi48%2FCfdFpZxIC3kh31oKa3SZpV6U6RYmYTfqvfRlI%2Fmqfz5JQP8VM
0%7C3wHIq8kZOm4pCFL3qn%2F2xRjI5RIA53iAFsKm54wdpYAUUx8pTFSeFa2HLVCReO83
0%7CQGZ5vWrICkvzqfDRYDhJsFng8K8V%2BQ7PXI77Ir0NXEoO%2BYnereENAsFmYiz3uG%2FZ
0%7C6Ad%2Fpq0LAXhu%2B5MwamsKxalKYTJeQ0R3mLJytGXUp6KWRBuixXosmb%2FW2P4Oi0QM
0%7CyfbSPCQYGGfKIdxHfjoeyZxcI7o%2Fx4FQ%2BajujfVHRfHbFjNOjwhPTohDIlv6CEul
0%7CDgrtLkAK5wx4wS9EYdV85zKvbDI7quuuznVAmSKzlzsXA922xXLhaxCo%2BdX1qiGH
0%7C9KiJ0xWTRvy%2FEBdJRTQgTSkpkfRel1T%2BgCPNEI75QrpOMiZG0yC9VOsxvVeLWJ6s
0%7CxaWKOFQMxJx4A624WXojqQAl%2Bxv4zpsoxNPHHHkKY4AF5mDbFIUrpZzE%2F7nL8F0H
0%7CwOYcGK5irKcVRVTtBIz%2FewvuJbExLAfh2BMtvPQEQ9%2BFN3OyIn2Gwb1QRY7j5izO
0%7CNQOYfIG%2BTtbTsjWeaRSkFndv4REHOoX8lNFYgs%2FbPJ0Q3EG4UstvL8rrPyOEPvy8
0%7Ci%2FSfkk24Htoo3gMLd7VDPk8Nv2yuRMMYTsMYllXCmg0LhzX0GidUUK6KXlXKJtLt
0%7CHye9xIB2OaANIaHwvPvuD4lpQqh1SyPvd1pTPQgNvbf5WgkNZ1B3tC8%2F4%2FYYYzKO
0%7C9w94Jycpi15yWsj9KzQz4MwoBgGpBCbNTAzU%2FOVnLwWpnWXbnurtZWV16O26%2Blvj
0%7CoLyP25%2BJ97PJ%2FUWk6cm%2FqoKqiM4%2F5ogAYoLkpHjtraII9gpVVeHbBam4PqBh5%2FgY
0%7CkZ1Foilkp8YafbaQjL%2F%2BAKUC4x%2BXpBQnuT4RJHhGJKjhrRM%2F6dDSqeBLawytvTqt
0%7CsMOPGvRReo7a8T8EM3we1SXa2QZTGEc3OTXcyY5HjW%2FArMvYrXZAe2BTm9PfaD9U
0%7CWLK42WbBW7Ay%2B8NKce8kH25%2BIV9YmFT3BaOnSLA1x20wDriMgEkcjbHh%2FlGDVv1f
0%7CjlDVH6DT7H%2FN7VLweYdiak6GTi8Prw2abkKaTmqBFfScEuCIRWJbYq03wkTX0EU9
0%7CvHi%2B2gSKM0WK6vIwvz%2FmIYQi4gpHQGc9Fi8itbCwuBTOKQcrmRV44y9pw41fiXbE
0%7Ck2Z4HkzZn%2Bv2umLNM7oEr9ocIlGqQW3pA%2F51KC5Kau5wij2ve%2BMUxc8e77DyO02p
0%7CbuknnB1EurgdzKEBwAQfmXomnrewAteAxyRYOSmdo8Rct3mTnLntv9x%2FxeMJdtFz
0%7C1djTbMlDb7LVahQb7xwo3VdSKb3F%2Fvz0I5FWNmxyDeLdhN%2BVxn3m2%2Bl2YJnxeX0S
0%7CmeS21DtWA9%2BikRkk3pEDxaqfCPFCUYYFFh%2BTuWP5FfnLC0iM2Po1VCRW2lTN0tkc
0%7CQFx9PYf6MSEeR7z%2BaBokhuhPkZGXiN92WVwiKm2rAUwDcZf27fl46kPlGAfMxQZ8
0%7CAgVYAiKexS%2Ba4M8JBW1nHXduTIl0CkjQ5ExP8nGmfF6HWXMzTCxycRp2C5y5MqW4
0%7CEPrPdrtT4dB5%2FDeWI9H6XpgbltTySnVq5fGhWQyKlGh2yp2RTfqelJg%2FHrOgB3Vt
0%7Cdg5rohvLiW8FXPe3BqC6t4Vku16RBh%2FucK8%2BAwdrCqhLZhXpHPtzWNlSs24bCFmE
0%7CtPd9pYR0xStY151XWp10m1bCG040pRDrCfdT%2BxtHAyOpWbY7DcqI37F9FcSMr5og
0%7CzwoxFU%2Bw0rZKXwL67EI3vcgi68oyuEFkfFfMU%2BBwb318d5puA3S5%2BWhzv37zayfr
0%7CzwoxFU%2Bw0rZKXwL67EI3vcgi68oyuEFkfFfMU%2BBwb318d5puA3S5%2BWhzv37zayfr
0%7CPep%2Fhis35ejI0tZZQReQFUR4lL9%2F8xtuOJLFc9lvp1zfY58C0466iYAURg9V7WwW
0%7CQJkUf5qilz8FPRblH5crdW9vKYF1qloKvwof8BZgWE6eg6%2BnGGoMK77GN0LPlaOU
0%7CITyjPN6DLcbO7RwAXrCJ0WO4YNnwi2kEKjtZJyHvtlp3qiqdLD9PCQavNPeqQuGF
0%7ChKPWoRm2DrZx%2FVNbEwuiTS0bZsu0cpjlYCXSXmeT30D50snhdciS0yKtsTjFE4Fb
0%7C7h9HSJLypNhCJ0JrNtW%2FkU%2FnmQiixw1MiauED9xcDbxzCZaB1Z9he1lT83YCSEMq
0%7CgaKwtU2810TXtBc4Yylk%2FCWErHBc6%2Fa2Ou6fo%2FRzczORiy5kwId%2FE%2B2LPirlYb9f
0%7CVmaAjs1fscXP5oE5dZze3H6EBt9t8ApfEWwNpHQTyalJvkH0VeH13zMs0ecDIpHj
0%7CTYrIQKKEzXrroT7cIMc2ywhX%2FJmrYoNqC7dc41et%2BJGtg180dIczKeavJf6EiszE
0%7CTYrIQKKEzXrroT7cIMc2ywhX%2FJmrYoNqC7dc41et%2BJGtg180dIczKeavJf6EiszE
0%7Ce%2FP0GdHfrOpoHc1rPIhOfIOfGY%2BqcqFeiJnySp6GmlCk3HWikMeJJj%2Bb%2FwzWrWbd
0%7CMBq8WHQh%2BrnBj%2FvM6LsZ6sfYCjBWjvW%2Bk4kxLLRLoF47Q55%2FcsUf%2BHZpCLT2B2Oz
0%7CwBEWffRbO%2Bx63HVoaBiG3jSLVg4Dls0k0I6iDkokqnX%2FXgNFIUYrurjNCRgPMozj
0%7C6o1A5X34Vq2zP528Q7IaABKbY5eUJl%2FjWxYLH1n%2FGpYZ8wITWrX5S8TyH1qxUl19
0%7ClDMqbWAOB1ToTHCGTsyTAVgB2Qf9nPWX5VwPzs%2FeXKxVXM9IC971X%2BCMidSMimc7
0%7Cg2pWSb%2B%2BdbIYh0gl1hATZfsntdJuhz9ZpAeNX5RvgttfWTDUU7kGm09CCXe5wFpr
0%7CU%2Bpce8JQDvBoUM0zbN7%2BBJaVX8To3obpdHv7jqX4xgNbvrXqAKhcFuclY7Gp%2FzFZ
0%7CSKb%2Bmp1c6zWjoM1H2CWCcqpIgJz84LknORGihTQgxQKE3LXzwEZnAofGerZXZ0y3
0%7CD8RZj2h38i9YiJOaR7FqyVhsLd5tx4xlb7rKBbv76ZYt9NzJF0bAJ7QnDKESekga
0%7CvZjenQnn7UBbuAvswgVnFXboLj9QR888NgZWrRujhSZGiWYElKQPUYjFhJI8v86x
0%7CtVETLXz46O%2B6G0gZ3ejIiftbTvBvaHLLkEXj%2B28UvKIHC1AWwUSf8WUE3IVSRs41
0%7CMc5efMdZlRdHsGXZANFcqVv0EpHMwRb9XqI9jaFTfjSFEYpD1YfH2FJbOmj%2BCDMz
0%7C4%2BzbQJzO9w2SlV0foQbD6vmc3Pn7UhHenBrykah98Ir8WhnSK9aMCAtnAI3u5nms
0%7CROn7JoZSK%2B%2FTaeTw3ltXfUuiI%2FFCzDKUEOPUNOaR58HoyuJvCFf41321FTP3k3C7
0%7CnVCqqPcXmiqi7j8UfHbMs5p0vdTAXEOLL9C45SJfqPTvdkCSFLm8w89TrM5Ftme%2B
0%7CTsDGQmpaW88O4PzhQu6eFbvRI1hGkCMN%2F0DpwT9CNRbQtTfc%2FI%2FjnXndS7QTTi%2BE
0%7CIHFP3LRwDT65Nm7dKj4qBe%2BxkKD5K5MFukE85inZChWx%2F6XnqFAJ%2BYPVzYUtaoqZ
0%7CIB562NmNTuzLQPvV7UEYV0GvzZ1VdduCV%2BSt4ENAlYW2MTpf3Atb%2FdAPYZ8ZaqKI
0%7CeJknu51da5biWhFTTlCN43gScpLC4xQS94Gy31pbJ12R7tjsx%2B83oOM2ZYs6QCNE
0%7CTyMl4ZKxJ0k09TW4TdE%2FBYhdARREvV0BhHICP%2BkBal3Vzxuk7frDwXwj2SQ7cU3v
0%7CLf6udc3rUMymf79V5zza72DMofkdDukpzviXvdsLgFXpT%2FDeqNB3QrZ2cfxBF6h2
0%7C7oqU1EC%2FKk1%2BTtAopCy9lVTeuOwJFVfm%2BgNpMelypiWLc0Iu%2BryxGxjH3RXoYDJ4
0%7CFXSDlHG0wC8pSNBuew2T0AmXegohrE5KT2QiTSj%2FjVJHleHtsjU83C0NuisXXoYd
0%7CH2CagV6Iw9zZ%2FHZjcNTKX2V0K%2FTjEztC8pkE0SJ3YJXeuH9dxIdtdMFFVE4ebzX6
0%7Cg9TLyHhjar8BI8JWik2IlI%2BnzrW1yK2lPa%2Bh8bnv8R%2BpaZdH9p%2F1KN1u6ToMRNFS
0%7COZG9BjSIvE7z%2FZoJ6rbO9pji%2Fa8W0bK5X0MusZ72gsl6Jr3NWUJZI6pFH4EV4JVR
0%7CmgCSSOaWdlKlSKFH3OwTCmT%2FR7hM8R6bTCuEkTjxky2qW59pWYz41pE%2BihSkWOeO
0%7CmMFgn8no%2BeKXwRS4U4g4mYNJMyjj91kjly5hSoJWAdl796GfS%2FHYk15tJLjmXafT
0%7CaJvJxipi7%2B81nxzzhQgABe1v%2BB4Tv1JlmBxF2MillNS830pSK4ocS1yBT3S07W0%2B
0%7Cfr3%2B4t0ENlSqTW31BRTIYbZQsn0u32xDS12yo%2FUi97ghErPns%2BQkmwD38HBj9Xmo
0%7CO69b3ItnRsLdS0ytI%2BYpe8tsPbPbw4dDK3W46Nc81VyUcIck9wDCfs9lhalB%2B4ja
0%7C1d9xbyvEnBa4vKGC327S7tmbenUy35dAvKxW%2F74w1LYiO248Sotp8Eupxdnh6f7p
0%7C6C9uSp33pKmIyZMWKK5o%2FwZ5P4JCrqk5W2fuyLD6SVKCG1XFPBeyPg0oDmINyUrY
0%7CIKQnJdqi8Lb%2F5Vytz%2BQiuGFHwyFhj1Nm%2BM1UoLCrMiQjfyTCOBfUEZdhSsySaRBe
0%7CXJ0IAP2uhm6bENOI4JYe2yzAjbm%2FE%2Fky24uJ54RtfYkmRCp3F%2BliAgFPbTaindgH
0%7C1Z2RFmqyi2HNSppU76woMlmvucDEj%2FLwkCJyn6Ir1KH3sqTdxUaN9icC%2BGxntoLq
0%7C8lfc5s5cglnD23iKB9f4kyWZ%2Fnv6Ap1dmNh%2FDBHk4Vt3UpIz3UdCCecspjKxUos6
0%7CfN9zrMNf9m3UoNGKwOq9eLwCGbS07SEJc8Ja5avDbWFEt%2FdvvyZuvX50jhZXNQzc
0%7CMvdZ8iD2rjzoQDq7puCvxjzK%2FcQF19Leu%2B2ULq6IgqslD8Mmv7x6Mkb9uaIjty8l
0%7CzmT1h3Qc2Lao2xApNcCwHbOM5Sh36UDEIJocY9a7wjJ1f5n5%2Behvpu1c5nYMjFUc
0%7C9GvkVY5sHyZLFEB4RpKVX5QKtWLt9xHRTGJQWnNPbGwGKt0ekjjDawr7EZzwmHCW
0%7CLnu%2BAAAA0YGUJc8xICdXhmTt3Mc63ZRCxmQFat6of3%2BLBpcE1EnqOX4OVgR4jxQE
0%7CbC%2FF5e9G%2BkGLPOzuc5XKpWWv%2BS8Vz%2BwksIVP1czyfKXdpWpqJrENKm6ABmqp3blv
0%7ClfOPWaNdsXfUmWN2l7Y8hIh3MTdJiLcspSgwEl4CkTARqGkFtPV3kBGbkR8QoNsU
0%7C6q8AlT76%2FfyzobEhPYhghxKTxiJVXcy0YM%2BviAgjbnDMO3rFK%2F%2BZWw33DJJ9MQZS
0%7C15B9vGnWhYTjM%2Fa2HwUlGahCJV5YGmVg2txEhiYNcT0pW6O89Pr8H3brGEkRfeRT
0%7CnHDJlXuoKraMOjCln%2BESYCBbmWVjHqwNijX5jFA0hlp8u4KC2s5Xu0cUJUzWQ6iJ
0%7C5eDou79jGSaCr5hp0ZfaF0j%2BbM4DYilReWQ%2FgEmL%2BZ6xMD7c0kW2iR0tbxG2P5Vo
0%7CwV1SyEUmIhed5BjF0JPPTg%2FTTXjq0PzsMhiftDn%2Fo1bql1xfgu3LGBPX%2BORYKmeW
0%7C2p8b701u7Z2yYDIPZ2cjRh8ajJh1iRn9NlVz0GO3fwZ3GhQ%2FSfgQeBtpP83Tgu1d
0%7CnPOXoUU3BHuCS5Ue0hmvJDSTaXfUNJ26LpSksGnadTLPMXAPzCCdeZJBiiXOzjGB
0%7CpfORnF3wQQyi81yNGvtJVmUDV%2FiFNk1xl5AXKbDNzCFqKfaOxTC0h67Ad8UjYP5X
0%7CsRtnA8AAnQQbeIzpUvRGuuC%2Fadt6vJBYc4vnLyk97I6eog%2FwSiACpMj47rnDxmn8
0%7CqHCAx7h0eQ52G%2Fj55iS3%2B5h3X7YjwCBsdXJdl2tzVIn93JjkyQrwhJo5RTR1vtJP
0%7CfyALDCUMxoONV7rvJGmlNkNHEA8J1ueVtp27niyqCGYzXthgsnDgX2e%2FwNZ9zcLa
0%7CnDPBh8HP8ZahUb5gQDT5m%2BO3p2HHCYTlXGl1mFa%2B3EYLsITgUQ6fpZgtkAywVwQt
0%7CqAdOX54vc3sdn7aTH%2FdROuuc53bEnHMwoz1FMJfH8U%2F4ayVQirRQ2sZwAV6kvwMh
0%7CWp3zH5gC4ppxMwS9YCBQdRIwhAWQ2LhsSM6Djo12EekCGKe8XQN530Vu84NIfB8w
0%7CtTko4w1NK33C4sF5EAx2E79qrDKNjQ8XIg2FLOyyRz0Yo0z1qAgRylF7FeIYwMZv
0%7CcS2DGy9vKMWxh1Yt%2BXOGmsPpCfkNdMB8Kl5IVdgi9v16ZP0mrzH3UjD71wQkwCar
0%7COvgjyktW9R3kiqU3HEjmanV2tSLvo7WNNSlFKNfjiYKWLnKB4N2enrdlNFz3NaEK
0%7CKMG2WH06axEzCMHMxtwYPlX0p0xQv1JN06GDy3K%2B3CdQCVB8vlmtQP7xIb0MEsjx
0%7CUogCu3K%2Fu3gY7DWp4OVtdDWq%2B4NNMo5Uc48znN7OHGPJ65YNZL6NBF2%2F7nR7Xs6X
0%7CTD3Y%2FdSCd7WKs5rIC0EKztZB%2FnVJNOopIgNzPvI8FF0I%2FJBzvkmFx%2Ba3QV478H5t
0%7CVjl1z%2Bl2lsvqSdp4UcNg4O40fPAgxZ9pdSnnLV5I%2F5oguhCE%2F8856hmZByH3jL4T
0%7CMzHlPoNRChYfxxgOLn0LIwN2AeK86YUiClEErHkaabSeEatQFyVwqI8ihKdAcBBQ
0%7CTfrYUviI9jOIozLbnMpwIh175CEpzmSLXrZxT9X4u3%2BTap6K3PYeUi3lq%2F98527Y
0%7CjS6DwzBshYxOjKyhrfq%2FtUpI5S0QkeXsCjppmkNTs8YUobXIHcU7ADtDJOOGy1W3
0%7CEHVa7%2B4EDEk9yV07wywUH6rd3P0W8iHCUvcjYPRZneIovIO%2Fv8oJCi4VXVZ7emHv
0%7Cb8Dcpnq%2FS2QpZhDZ%2FAt8ZRK24V%2Fc6VLcbn%2FSQmbz8zO6ZVpJF8bimk%2F81yQtduBh
0%7Ceu3heT56TW9JOB1WnJwOnxR4ddSNL%2FRwoOC1k4nEMv4BrwNSADsKn1xy8skLPFt4
0%7C5qPEbBvITFaqW7l42TBvxvj%2FBBTeDQ%2FVi7SLII%2F0W75XQoSNelqYG6gRcA%2F60BPV
0%7CppailUyWog6nVrymyZOvqfbgIzBBoyvwYyxZfEHuQeF2bZoShaAD3yxRiNwxxQZR
0%7Co9qVMZuc%2BuYqqxChRSHM8OiWHIb4Q54EPS1rEDonb1rxrO1I4FEI73frJS30G6ZX
0%7CMVcimwouHF5lSn0iijwQQWgzlo%2FNG5efz3KLxidsgEzzoGrqRFvs47YjtI0U30Y5
0%7C3P0bMfIhkQcnJ6M5buvKpPqwxj4ekoVeMv3wgNnNzcI1nhSf8DZ9AETVLGCuqp0Q
0%7CRXNFwYUY3AiQg20pHlkGRAT5L3ENT%2Bv3tuUVDiqFpyVTh9%2FP1W96oZobvCBuuWEP
0%7C3tVp2W8wxeDhOkwLqXMq5lXcjiTpRyfdS87mJE0J0SBFNBGhSFon7xPnqYvtl8jW
0%7CuU7J103Ir6a8R2U4bD%2BlZKCPJF9k9v2g8%2FmtgFmkPjLv%2B%2BqrOPv2rVv09BTDmLWp
0%7CLepkWG%2F%2Bvrelp5GVRA%2F2M%2FSKTuP%2BkrXWa2T1xyIYgOx0%2B9lPj%2Fog1tjuu%2FcT2Rez
0%7CrV7yBf8x4D4BXtaSk6hAxT50dtrCAeBtb1vIopMgD6awcmNc1SE%2FvtFhQtn0Wn2H
0%7Crb4ZWpLSONV7OccLCCEzDWmh7Ql4nG4nEbJPPZLGVWTgeSXJ%2FsUHLHLKacnu0sC2
0%7CEJQVIaRyPuGybKjw%2Bv1moJWRlYu2D4C42ctWmGorDJHMRvbMqE27H4UrFkcaXnzD
0%7CUkLXp8wIOcGcnhP6Ao2YXGVChRE6NumCUzHwN1Vho3h7U4NgQom%2FIAWK7HmcajhF
0%7CxwtYgFpPWhRCUoXM8PXikCW9vyQEprH%2FQ0NjzRu1KL1y3yLJqQeywyoOj3PKS3LI
0%7CwlqnIMsKuu0ftH7PK7CGmYghC%2FQZoW8fbQIVZnWqcC%2BN1z5j6dt1HiYRBYU2M7t%2B
